{"/Users/jeffsteinbok/Documents/GitHub/ghcpCliDashboard-TestsAndCoverage/frontend/src/constants.ts": {"path":"/Users/jeffsteinbok/Documents/GitHub/ghcpCliDashboard-TestsAndCoverage/frontend/src/constants.ts","statementMap":{"0":{"start":{"line":11,"column":31},"end":{"line":11,"column":null}},"1":{"start":{"line":14,"column":31},"end":{"line":14,"column":null}},"2":{"start":{"line":17,"column":32},"end":{"line":17,"column":null}},"3":{"start":{"line":20,"column":38},"end":{"line":20,"column":null}},"4":{"start":{"line":23,"column":39},"end":{"line":23,"column":null}},"5":{"start":{"line":26,"column":32},"end":{"line":26,"column":null}},"6":{"start":{"line":29,"column":32},"end":{"line":29,"column":null}},"7":{"start":{"line":32,"column":39},"end":{"line":32,"column":null}},"8":{"start":{"line":35,"column":29},"end":{"line":35,"column":null}},"9":{"start":{"line":40,"column":36},"end":{"line":40,"column":null}},"10":{"start":{"line":43,"column":42},"end":{"line":43,"column":null}},"11":{"start":{"line":47,"column":32},"end":{"line":47,"column":null}},"12":{"start":{"line":48,"column":35},"end":{"line":48,"column":null}},"13":{"start":{"line":49,"column":32},"end":{"line":49,"column":null}},"14":{"start":{"line":50,"column":35},"end":{"line":50,"column":null}},"15":{"start":{"line":54,"column":27},"end":{"line":54,"column":null}},"16":{"start":{"line":55,"column":30},"end":{"line":65,"column":null}},"17":{"start":{"line":70,"column":52},"end":{"line":76,"column":null}},"18":{"start":{"line":79,"column":57},"end":{"line":85,"column":null}},"19":{"start":{"line":88,"column":56},"end":{"line":94,"column":null}},"20":{"start":{"line":98,"column":25},"end":{"line":98,"column":null}},"21":{"start":{"line":99,"column":36},"end":{"line":99,"column":null}}},"fnMap":{},"branchMap":{},"s":{"0":6,"1":6,"2":6,"3":6,"4":6,"5":6,"6":6,"7":6,"8":6,"9":6,"10":6,"11":6,"12":6,"13":6,"14":6,"15":6,"16":6,"17":6,"18":6,"19":6,"20":6,"21":6},"f":{},"b":{},"meta":{"lastBranch":0,"lastFunction":0,"lastStatement":22,"seen":{"s:11:31:11:Infinity":0,"s:14:31:14:Infinity":1,"s:17:32:17:Infinity":2,"s:20:38:20:Infinity":3,"s:23:39:23:Infinity":4,"s:26:32:26:Infinity":5,"s:29:32:29:Infinity":6,"s:32:39:32:Infinity":7,"s:35:29:35:Infinity":8,"s:40:36:40:Infinity":9,"s:43:42:43:Infinity":10,"s:47:32:47:Infinity":11,"s:48:35:48:Infinity":12,"s:49:32:49:Infinity":13,"s:50:35:50:Infinity":14,"s:54:27:54:Infinity":15,"s:55:30:65:Infinity":16,"s:70:52:76:Infinity":17,"s:79:57:85:Infinity":18,"s:88:56:94:Infinity":19,"s:98:25:98:Infinity":20,"s:99:36:99:Infinity":21}}}
,"/Users/jeffsteinbok/Documents/GitHub/ghcpCliDashboard-TestsAndCoverage/frontend/src/api/client.ts": {"path":"/Users/jeffsteinbok/Documents/GitHub/ghcpCliDashboard-TestsAndCoverage/frontend/src/api/client.ts","statementMap":{"0":{"start":{"line":19,"column":15},"end":{"line":19,"column":null}},"1":{"start":{"line":20,"column":2},"end":{"line":20,"column":null}},"2":{"start":{"line":20,"column":16},"end":{"line":20,"column":null}},"3":{"start":{"line":21,"column":2},"end":{"line":21,"column":null}},"4":{"start":{"line":26,"column":15},"end":{"line":26,"column":null}},"5":{"start":{"line":27,"column":2},"end":{"line":27,"column":null}},"6":{"start":{"line":27,"column":16},"end":{"line":27,"column":null}},"7":{"start":{"line":28,"column":2},"end":{"line":28,"column":null}},"8":{"start":{"line":35,"column":2},"end":{"line":35,"column":null}},"9":{"start":{"line":40,"column":2},"end":{"line":40,"column":null}},"10":{"start":{"line":45,"column":2},"end":{"line":45,"column":null}},"11":{"start":{"line":52,"column":2},"end":{"line":52,"column":null}},"12":{"start":{"line":59,"column":2},"end":{"line":59,"column":null}},"13":{"start":{"line":66,"column":2},"end":{"line":66,"column":null}},"14":{"start":{"line":73,"column":2},"end":{"line":73,"column":null}},"15":{"start":{"line":78,"column":2},"end":{"line":78,"column":null}},"16":{"start":{"line":86,"column":2},"end":{"line":90,"column":null}},"17":{"start":{"line":87,"column":4},"end":{"line":87,"column":null}}},"fnMap":{"0":{"name":"get","decl":{"start":{"line":18,"column":15},"end":{"line":18,"column":22}},"loc":{"start":{"line":18,"column":47},"end":{"line":22,"column":null}},"line":18},"1":{"name":"post","decl":{"start":{"line":25,"column":15},"end":{"line":25,"column":23}},"loc":{"start":{"line":25,"column":48},"end":{"line":29,"column":null}},"line":25},"2":{"name":"fetchSessions","decl":{"start":{"line":34,"column":16},"end":{"line":34,"column":52}},"loc":{"start":{"line":34,"column":52},"end":{"line":36,"column":null}},"line":34},"3":{"name":"fetchSessionDetail","decl":{"start":{"line":39,"column":16},"end":{"line":39,"column":35}},"loc":{"start":{"line":39,"column":71},"end":{"line":41,"column":null}},"line":39},"4":{"name":"fetchFiles","decl":{"start":{"line":44,"column":16},"end":{"line":44,"column":55}},"loc":{"start":{"line":44,"column":55},"end":{"line":46,"column":null}},"line":44},"5":{"name":"fetchProcesses","decl":{"start":{"line":51,"column":16},"end":{"line":51,"column":54}},"loc":{"start":{"line":51,"column":54},"end":{"line":53,"column":null}},"line":51},"6":{"name":"focusSession","decl":{"start":{"line":56,"column":16},"end":{"line":56,"column":null}},"loc":{"start":{"line":58,"column":50},"end":{"line":60,"column":null}},"line":58},"7":{"name":"killSession","decl":{"start":{"line":63,"column":16},"end":{"line":63,"column":null}},"loc":{"start":{"line":65,"column":50},"end":{"line":67,"column":null}},"line":65},"8":{"name":"fetchVersion","decl":{"start":{"line":72,"column":16},"end":{"line":72,"column":53}},"loc":{"start":{"line":72,"column":53},"end":{"line":74,"column":null}},"line":72},"9":{"name":"fetchServerInfo","decl":{"start":{"line":77,"column":16},"end":{"line":77,"column":55}},"loc":{"start":{"line":77,"column":55},"end":{"line":79,"column":null}},"line":77},"10":{"name":"triggerUpdate","decl":{"start":{"line":85,"column":22},"end":{"line":85,"column":53}},"loc":{"start":{"line":85,"column":53},"end":{"line":91,"column":null}},"line":85}},"branchMap":{"0":{"loc":{"start":{"line":20,"column":2},"end":{"line":20,"column":null}},"type":"if","locations":[{"start":{"line":20,"column":2},"end":{"line":20,"column":null}},{"start":{},"end":{}}],"line":20},"1":{"loc":{"start":{"line":27,"column":2},"end":{"line":27,"column":null}},"type":"if","locations":[{"start":{"line":27,"column":2},"end":{"line":27,"column":null}},{"start":{},"end":{}}],"line":27}},"s":{"0":31,"1":20,"2":20,"3":19,"4":2,"5":2,"6":0,"7":2,"8":4,"9":9,"10":6,"11":3,"12":1,"13":1,"14":6,"15":3,"16":1,"17":1},"f":{"0":31,"1":2,"2":4,"3":9,"4":6,"5":3,"6":1,"7":1,"8":6,"9":3,"10":1},"b":{"0":[1,19],"1":[0,2]},"meta":{"lastBranch":2,"lastFunction":11,"lastStatement":18,"seen":{"f:18:15:18:22":0,"s:19:15:19:Infinity":0,"b:20:2:20:Infinity:undefined:undefined:undefined:undefined":0,"s:20:2:20:Infinity":1,"s:20:16:20:Infinity":2,"s:21:2:21:Infinity":3,"f:25:15:25:23":1,"s:26:15:26:Infinity":4,"b:27:2:27:Infinity:undefined:undefined:undefined:undefined":1,"s:27:2:27:Infinity":5,"s:27:16:27:Infinity":6,"s:28:2:28:Infinity":7,"f:34:16:34:52":2,"s:35:2:35:Infinity":8,"f:39:16:39:35":3,"s:40:2:40:Infinity":9,"f:44:16:44:55":4,"s:45:2:45:Infinity":10,"f:51:16:51:54":5,"s:52:2:52:Infinity":11,"f:56:16:56:Infinity":6,"s:59:2:59:Infinity":12,"f:63:16:63:Infinity":7,"s:66:2:66:Infinity":13,"f:72:16:72:53":8,"s:73:2:73:Infinity":14,"f:77:16:77:55":9,"s:78:2:78:Infinity":15,"f:85:22:85:53":10,"s:86:2:90:Infinity":16,"s:87:4:87:Infinity":17}}}
,"/Users/jeffsteinbok/Documents/GitHub/ghcpCliDashboard-TestsAndCoverage/frontend/src/api/index.ts": {"path":"/Users/jeffsteinbok/Documents/GitHub/ghcpCliDashboard-TestsAndCoverage/frontend/src/api/index.ts","statementMap":{},"fnMap":{},"branchMap":{},"s":{},"f":{},"b":{},"meta":{"lastBranch":0,"lastFunction":0,"lastStatement":0,"seen":{}}}
,"/Users/jeffsteinbok/Documents/GitHub/ghcpCliDashboard-TestsAndCoverage/frontend/src/components/App.tsx": {"path":"/Users/jeffsteinbok/Documents/GitHub/ghcpCliDashboard-TestsAndCoverage/frontend/src/components/App.tsx","statementMap":{"0":{"start":{"line":27,"column":24},"end":{"line":27,"column":null}},"1":{"start":{"line":30,"column":8},"end":{"line":30,"column":null}},"2":{"start":{"line":31,"column":8},"end":{"line":31,"column":null}},"3":{"start":{"line":32,"column":73},"end":{"line":32,"column":null}},"4":{"start":{"line":35,"column":2},"end":{"line":35,"column":null}},"5":{"start":{"line":38,"column":2},"end":{"line":42,"column":null}},"6":{"start":{"line":39,"column":4},"end":{"line":41,"column":null}},"7":{"start":{"line":40,"column":19},"end":{"line":40,"column":67}},"8":{"start":{"line":45,"column":2},"end":{"line":51,"column":null}},"9":{"start":{"line":46,"column":29},"end":{"line":46,"column":null}},"10":{"start":{"line":47,"column":20},"end":{"line":47,"column":null}},"11":{"start":{"line":48,"column":4},"end":{"line":50,"column":null}},"12":{"start":{"line":49,"column":6},"end":{"line":49,"column":null}},"13":{"start":{"line":54,"column":8},"end":{"line":54,"column":null}},"14":{"start":{"line":55,"column":27},"end":{"line":55,"column":null}},"15":{"start":{"line":58,"column":23},"end":{"line":60,"column":null}},"16":{"start":{"line":59,"column":11},"end":{"line":59,"column":null}},"17":{"start":{"line":63,"column":22},"end":{"line":63,"column":null}},"18":{"start":{"line":68,"column":14},"end":{"line":68,"column":null}},"19":{"start":{"line":71,"column":40},"end":{"line":74,"column":null}},"20":{"start":{"line":75,"column":8},"end":{"line":78,"column":null}},"21":{"start":{"line":76,"column":35},"end":{"line":76,"column":null}},"22":{"start":{"line":80,"column":2},"end":{"line":158,"column":null}},"23":{"start":{"line":152,"column":25},"end":{"line":152,"column":null}},"24":{"start":{"line":164,"column":2},"end":{"line":167,"column":null}}},"fnMap":{"0":{"name":"Dashboard","decl":{"start":{"line":29,"column":9},"end":{"line":29,"column":21}},"loc":{"start":{"line":29,"column":21},"end":{"line":160,"column":null}},"line":29},"1":{"name":"(anonymous_1)","decl":{"start":{"line":38,"column":12},"end":{"line":38,"column":18}},"loc":{"start":{"line":38,"column":18},"end":{"line":42,"column":5}},"line":38},"2":{"name":"(anonymous_2)","decl":{"start":{"line":40,"column":12},"end":{"line":40,"column":13}},"loc":{"start":{"line":40,"column":19},"end":{"line":40,"column":67}},"line":40},"3":{"name":"(anonymous_3)","decl":{"start":{"line":41,"column":13},"end":{"line":41,"column":19}},"loc":{"start":{"line":41,"column":19},"end":{"line":41,"column":21}},"line":41},"4":{"name":"(anonymous_4)","decl":{"start":{"line":45,"column":12},"end":{"line":45,"column":18}},"loc":{"start":{"line":45,"column":18},"end":{"line":51,"column":5}},"line":45},"5":{"name":"(anonymous_5)","decl":{"start":{"line":59,"column":4},"end":{"line":59,"column":5}},"loc":{"start":{"line":59,"column":11},"end":{"line":59,"column":null}},"line":59},"6":{"name":"(anonymous_6)","decl":{"start":{"line":76,"column":4},"end":{"line":76,"column":5}},"loc":{"start":{"line":76,"column":35},"end":{"line":76,"column":null}},"line":76},"7":{"name":"(anonymous_7)","decl":{"start":{"line":152,"column":19},"end":{"line":152,"column":25}},"loc":{"start":{"line":152,"column":25},"end":{"line":152,"column":null}},"line":152},"8":{"name":"App","decl":{"start":{"line":163,"column":24},"end":{"line":163,"column":30}},"loc":{"start":{"line":163,"column":30},"end":{"line":169,"column":null}},"line":163}},"branchMap":{"0":{"loc":{"start":{"line":48,"column":4},"end":{"line":50,"column":null}},"type":"if","locations":[{"start":{"line":48,"column":4},"end":{"line":50,"column":null}},{"start":{},"end":{}}],"line":48},"1":{"loc":{"start":{"line":63,"column":22},"end":{"line":63,"column":null}},"type":"cond-expr","locations":[{"start":{"line":63,"column":40},"end":{"line":63,"column":78}},{"start":{"line":63,"column":78},"end":{"line":63,"column":null}}],"line":63},"2":{"loc":{"start":{"line":95,"column":34},"end":{"line":95,"column":73}},"type":"cond-expr","locations":[{"start":{"line":95,"column":60},"end":{"line":95,"column":71}},{"start":{"line":95,"column":71},"end":{"line":95,"column":73}}],"line":95},"3":{"loc":{"start":{"line":97,"column":11},"end":{"line":105,"column":null}},"type":"cond-expr","locations":[{"start":{"line":98,"column":12},"end":{"line":98,"column":null}},{"start":{"line":100,"column":12},"end":{"line":105,"column":null}}],"line":97},"4":{"loc":{"start":{"line":111,"column":34},"end":{"line":111,"column":75}},"type":"cond-expr","locations":[{"start":{"line":111,"column":62},"end":{"line":111,"column":73}},{"start":{"line":111,"column":73},"end":{"line":111,"column":75}}],"line":111},"5":{"loc":{"start":{"line":113,"column":11},"end":{"line":121,"column":null}},"type":"cond-expr","locations":[{"start":{"line":114,"column":12},"end":{"line":114,"column":null}},{"start":{"line":116,"column":12},"end":{"line":121,"column":null}}],"line":113},"6":{"loc":{"start":{"line":127,"column":34},"end":{"line":127,"column":75}},"type":"cond-expr","locations":[{"start":{"line":127,"column":62},"end":{"line":127,"column":73}},{"start":{"line":127,"column":73},"end":{"line":127,"column":75}}],"line":127},"7":{"loc":{"start":{"line":139,"column":34},"end":{"line":139,"column":72}},"type":"cond-expr","locations":[{"start":{"line":139,"column":59},"end":{"line":139,"column":70}},{"start":{"line":139,"column":70},"end":{"line":139,"column":72}}],"line":139},"8":{"loc":{"start":{"line":141,"column":11},"end":{"line":141,"column":null}},"type":"binary-expr","locations":[{"start":{"line":141,"column":11},"end":{"line":141,"column":37}},{"start":{"line":141,"column":37},"end":{"line":141,"column":null}}],"line":141},"9":{"loc":{"start":{"line":146,"column":7},"end":{"line":153,"column":null}},"type":"binary-expr","locations":[{"start":{"line":146,"column":7},"end":{"line":146,"column":null}},{"start":{"line":147,"column":8},"end":{"line":153,"column":null}}],"line":146}},"s":{"0":1,"1":2,"2":2,"3":2,"4":2,"5":2,"6":2,"7":0,"8":2,"9":2,"10":2,"11":2,"12":0,"13":2,"14":2,"15":2,"16":0,"17":2,"18":2,"19":2,"20":2,"21":0,"22":2,"23":0,"24":3},"f":{"0":2,"1":2,"2":0,"3":2,"4":2,"5":0,"6":0,"7":0,"8":3},"b":{"0":[0,2],"1":[0,2],"2":[2,0],"3":[2,0],"4":[0,2],"5":[2,0],"6":[0,2],"7":[0,2],"8":[2,0],"9":[2,0]},"meta":{"lastBranch":10,"lastFunction":9,"lastStatement":25,"seen":{"s:27:24:27:Infinity":0,"f:29:9:29:21":0,"s:30:8:30:Infinity":1,"s:31:8:31:Infinity":2,"s:32:73:32:Infinity":3,"s:35:2:35:Infinity":4,"s:38:2:42:Infinity":5,"f:38:12:38:18":1,"s:39:4:41:Infinity":6,"f:40:12:40:13":2,"s:40:19:40:67":7,"f:41:13:41:19":3,"s:45:2:51:Infinity":8,"f:45:12:45:18":4,"s:46:29:46:Infinity":9,"s:47:20:47:Infinity":10,"b:48:4:50:Infinity:undefined:undefined:undefined:undefined":0,"s:48:4:50:Infinity":11,"s:49:6:49:Infinity":12,"s:54:8:54:Infinity":13,"s:55:27:55:Infinity":14,"s:58:23:60:Infinity":15,"f:59:4:59:5":5,"s:59:11:59:Infinity":16,"s:63:22:63:Infinity":17,"b:63:40:63:78:63:78:63:Infinity":1,"s:68:14:68:Infinity":18,"s:71:40:74:Infinity":19,"s:75:8:78:Infinity":20,"f:76:4:76:5":6,"s:76:35:76:Infinity":21,"s:80:2:158:Infinity":22,"b:95:60:95:71:95:71:95:73":2,"b:98:12:98:Infinity:100:12:105:Infinity":3,"b:111:62:111:73:111:73:111:75":4,"b:114:12:114:Infinity:116:12:121:Infinity":5,"b:127:62:127:73:127:73:127:75":6,"b:139:59:139:70:139:70:139:72":7,"b:141:11:141:37:141:37:141:Infinity":8,"b:146:7:146:Infinity:147:8:153:Infinity":9,"f:152:19:152:25":7,"s:152:25:152:Infinity":23,"f:163:24:163:30":8,"s:164:2:167:Infinity":24}}}
,"/Users/jeffsteinbok/Documents/GitHub/ghcpCliDashboard-TestsAndCoverage/frontend/src/components/DetailModal.tsx": {"path":"/Users/jeffsteinbok/Documents/GitHub/ghcpCliDashboard-TestsAndCoverage/frontend/src/components/DetailModal.tsx","statementMap":{"0":{"start":{"line":26,"column":12},"end":{"line":26,"column":null}},"1":{"start":{"line":26,"column":33},"end":{"line":26,"column":51}},"2":{"start":{"line":27,"column":16},"end":{"line":27,"column":null}},"3":{"start":{"line":28,"column":20},"end":{"line":28,"column":null}},"4":{"start":{"line":29,"column":16},"end":{"line":29,"column":null}},"5":{"start":{"line":30,"column":20},"end":{"line":30,"column":null}},"6":{"start":{"line":32,"column":29},"end":{"line":34,"column":null}},"7":{"start":{"line":33,"column":4},"end":{"line":33,"column":null}},"8":{"start":{"line":33,"column":38},"end":{"line":33,"column":null}},"9":{"start":{"line":36,"column":2},"end":{"line":88,"column":null}}},"fnMap":{"0":{"name":"DetailModal","decl":{"start":{"line":19,"column":24},"end":{"line":19,"column":36}},"loc":{"start":{"line":25,"column":21},"end":{"line":90,"column":null}},"line":25},"1":{"name":"(anonymous_1)","decl":{"start":{"line":26,"column":26},"end":{"line":26,"column":27}},"loc":{"start":{"line":26,"column":33},"end":{"line":26,"column":51}},"line":26},"2":{"name":"(anonymous_2)","decl":{"start":{"line":32,"column":29},"end":{"line":32,"column":30}},"loc":{"start":{"line":32,"column":54},"end":{"line":34,"column":null}},"line":32}},"branchMap":{"0":{"loc":{"start":{"line":27,"column":16},"end":{"line":27,"column":null}},"type":"cond-expr","locations":[{"start":{"line":27,"column":20},"end":{"line":27,"column":38}},{"start":{"line":27,"column":38},"end":{"line":27,"column":null}}],"line":27},"1":{"loc":{"start":{"line":29,"column":16},"end":{"line":29,"column":null}},"type":"cond-expr","locations":[{"start":{"line":29,"column":29},"end":{"line":29,"column":58}},{"start":{"line":29,"column":58},"end":{"line":29,"column":null}}],"line":29},"2":{"loc":{"start":{"line":29,"column":29},"end":{"line":29,"column":58}},"type":"binary-expr","locations":[{"start":{"line":29,"column":29},"end":{"line":29,"column":45}},{"start":{"line":29,"column":45},"end":{"line":29,"column":58}}],"line":29},"3":{"loc":{"start":{"line":30,"column":20},"end":{"line":30,"column":null}},"type":"binary-expr","locations":[{"start":{"line":30,"column":20},"end":{"line":30,"column":33}},{"start":{"line":30,"column":33},"end":{"line":30,"column":null}}],"line":30},"4":{"loc":{"start":{"line":33,"column":4},"end":{"line":33,"column":null}},"type":"if","locations":[{"start":{"line":33,"column":4},"end":{"line":33,"column":null}},{"start":{},"end":{}}],"line":33},"5":{"loc":{"start":{"line":45,"column":9},"end":{"line":72,"column":null}},"type":"binary-expr","locations":[{"start":{"line":45,"column":9},"end":{"line":45,"column":null}},{"start":{"line":46,"column":10},"end":{"line":72,"column":null}}],"line":45},"6":{"loc":{"start":{"line":47,"column":13},"end":{"line":48,"column":null}},"type":"binary-expr","locations":[{"start":{"line":47,"column":13},"end":{"line":47,"column":26}},{"start":{"line":47,"column":26},"end":{"line":47,"column":null}},{"start":{"line":48,"column":14},"end":{"line":48,"column":null}}],"line":47},"7":{"loc":{"start":{"line":50,"column":13},"end":{"line":55,"column":null}},"type":"binary-expr","locations":[{"start":{"line":50,"column":13},"end":{"line":50,"column":null}},{"start":{"line":51,"column":14},"end":{"line":55,"column":null}}],"line":50},"8":{"loc":{"start":{"line":53,"column":21},"end":{"line":53,"column":66}},"type":"cond-expr","locations":[{"start":{"line":53,"column":23},"end":{"line":53,"column":62}},{"start":{"line":53,"column":62},"end":{"line":53,"column":66}}],"line":53},"9":{"loc":{"start":{"line":57,"column":13},"end":{"line":60,"column":null}},"type":"binary-expr","locations":[{"start":{"line":57,"column":13},"end":{"line":57,"column":null}},{"start":{"line":58,"column":14},"end":{"line":60,"column":null}}],"line":57},"10":{"loc":{"start":{"line":62,"column":13},"end":{"line":65,"column":null}},"type":"binary-expr","locations":[{"start":{"line":62,"column":13},"end":{"line":62,"column":26}},{"start":{"line":62,"column":26},"end":{"line":62,"column":null}},{"start":{"line":63,"column":14},"end":{"line":65,"column":null}}],"line":62},"11":{"loc":{"start":{"line":63,"column":40},"end":{"line":63,"column":82}},"type":"binary-expr","locations":[{"start":{"line":63,"column":40},"end":{"line":63,"column":68}},{"start":{"line":63,"column":68},"end":{"line":63,"column":82}}],"line":63},"12":{"loc":{"start":{"line":64,"column":17},"end":{"line":64,"column":null}},"type":"binary-expr","locations":[{"start":{"line":64,"column":17},"end":{"line":64,"column":40}},{"start":{"line":64,"column":40},"end":{"line":64,"column":null}}],"line":64},"13":{"loc":{"start":{"line":67,"column":13},"end":{"line":70,"column":null}},"type":"binary-expr","locations":[{"start":{"line":67,"column":13},"end":{"line":67,"column":26}},{"start":{"line":67,"column":26},"end":{"line":67,"column":null}},{"start":{"line":68,"column":14},"end":{"line":70,"column":null}}],"line":67},"14":{"loc":{"start":{"line":76,"column":9},"end":{"line":82,"column":null}},"type":"binary-expr","locations":[{"start":{"line":76,"column":9},"end":{"line":76,"column":22}},{"start":{"line":76,"column":22},"end":{"line":76,"column":null}},{"start":{"line":77,"column":10},"end":{"line":82,"column":null}}],"line":76},"15":{"loc":{"start":{"line":80,"column":57},"end":{"line":80,"column":88}},"type":"cond-expr","locations":[{"start":{"line":80,"column":79},"end":{"line":80,"column":85}},{"start":{"line":80,"column":85},"end":{"line":80,"column":88}}],"line":80}},"s":{"0":9,"1":8,"2":9,"3":9,"4":9,"5":9,"6":9,"7":3,"8":1,"9":9},"f":{"0":9,"1":8,"2":3},"b":{"0":[8,0],"1":[0,8],"2":[0,0],"3":[9,0],"4":[1,2],"5":[9,8],"6":[8,0,0],"7":[8,1],"8":[1,0],"9":[8,1],"10":[8,0,0],"11":[0,0],"12":[0,0],"13":[8,0,0],"14":[9,0,0],"15":[0,0]},"meta":{"lastBranch":16,"lastFunction":3,"lastStatement":10,"seen":{"f:19:24:19:36":0,"s:26:12:26:Infinity":0,"f:26:26:26:27":1,"s:26:33:26:51":1,"s:27:16:27:Infinity":2,"b:27:20:27:38:27:38:27:Infinity":0,"s:28:20:28:Infinity":3,"s:29:16:29:Infinity":4,"b:29:29:29:58:29:58:29:Infinity":1,"b:29:29:29:45:29:45:29:58":2,"s:30:20:30:Infinity":5,"b:30:20:30:33:30:33:30:Infinity":3,"s:32:29:34:Infinity":6,"f:32:29:32:30":2,"b:33:4:33:Infinity:undefined:undefined:undefined:undefined":4,"s:33:4:33:Infinity":7,"s:33:38:33:Infinity":8,"s:36:2:88:Infinity":9,"b:45:9:45:Infinity:46:10:72:Infinity":5,"b:47:13:47:26:47:26:47:Infinity:48:14:48:Infinity":6,"b:50:13:50:Infinity:51:14:55:Infinity":7,"b:53:23:53:62:53:62:53:66":8,"b:57:13:57:Infinity:58:14:60:Infinity":9,"b:62:13:62:26:62:26:62:Infinity:63:14:65:Infinity":10,"b:63:40:63:68:63:68:63:82":11,"b:64:17:64:40:64:40:64:Infinity":12,"b:67:13:67:26:67:26:67:Infinity:68:14:70:Infinity":13,"b:76:9:76:22:76:22:76:Infinity:77:10:82:Infinity":14,"b:80:79:80:85:80:85:80:88":15}}}
,"/Users/jeffsteinbok/Documents/GitHub/ghcpCliDashboard-TestsAndCoverage/frontend/src/components/DisconnectOverlay.tsx": {"path":"/Users/jeffsteinbok/Documents/GitHub/ghcpCliDashboard-TestsAndCoverage/frontend/src/components/DisconnectOverlay.tsx","statementMap":{"0":{"start":{"line":11,"column":37},"end":{"line":11,"column":null}},"1":{"start":{"line":13,"column":2},"end":{"line":13,"column":null}},"2":{"start":{"line":13,"column":21},"end":{"line":13,"column":null}},"3":{"start":{"line":15,"column":2},"end":{"line":30,"column":null}}},"fnMap":{"0":{"name":"DisconnectOverlay","decl":{"start":{"line":10,"column":24},"end":{"line":10,"column":44}},"loc":{"start":{"line":10,"column":44},"end":{"line":32,"column":null}},"line":10}},"branchMap":{"0":{"loc":{"start":{"line":13,"column":2},"end":{"line":13,"column":null}},"type":"if","locations":[{"start":{"line":13,"column":2},"end":{"line":13,"column":null}},{"start":{},"end":{}}],"line":13},"1":{"loc":{"start":{"line":25,"column":11},"end":{"line":27,"column":null}},"type":"cond-expr","locations":[{"start":{"line":26,"column":14},"end":{"line":26,"column":null}},{"start":{"line":27,"column":14},"end":{"line":27,"column":null}}],"line":25}},"s":{"0":2,"1":2,"2":2,"3":0},"f":{"0":2},"b":{"0":[2,0],"1":[0,0]},"meta":{"lastBranch":2,"lastFunction":1,"lastStatement":4,"seen":{"f:10:24:10:44":0,"s:11:37:11:Infinity":0,"b:13:2:13:Infinity:undefined:undefined:undefined:undefined":0,"s:13:2:13:Infinity":1,"s:13:21:13:Infinity":2,"s:15:2:30:Infinity":3,"b:26:14:26:Infinity:27:14:27:Infinity":1}}}
,"/Users/jeffsteinbok/Documents/GitHub/ghcpCliDashboard-TestsAndCoverage/frontend/src/components/FilesTab.tsx": {"path":"/Users/jeffsteinbok/Documents/GitHub/ghcpCliDashboard-TestsAndCoverage/frontend/src/components/FilesTab.tsx","statementMap":{"0":{"start":{"line":11,"column":24},"end":{"line":11,"column":null}},"1":{"start":{"line":12,"column":24},"end":{"line":12,"column":null}},"2":{"start":{"line":14,"column":2},"end":{"line":22,"column":null}},"3":{"start":{"line":15,"column":20},"end":{"line":15,"column":null}},"4":{"start":{"line":17,"column":4},"end":{"line":19,"column":null}},"5":{"start":{"line":18,"column":24},"end":{"line":18,"column":56}},"6":{"start":{"line":18,"column":40},"end":{"line":18,"column":56}},"7":{"start":{"line":19,"column":21},"end":{"line":19,"column":53}},"8":{"start":{"line":19,"column":37},"end":{"line":19,"column":53}},"9":{"start":{"line":21,"column":4},"end":{"line":21,"column":null}},"10":{"start":{"line":21,"column":19},"end":{"line":21,"column":37}},"11":{"start":{"line":24,"column":2},"end":{"line":24,"column":null}},"12":{"start":{"line":24,"column":13},"end":{"line":24,"column":null}},"13":{"start":{"line":25,"column":2},"end":{"line":25,"column":null}},"14":{"start":{"line":25,"column":14},"end":{"line":25,"column":null}},"15":{"start":{"line":26,"column":2},"end":{"line":26,"column":null}},"16":{"start":{"line":26,"column":26},"end":{"line":26,"column":null}},"17":{"start":{"line":28,"column":19},"end":{"line":28,"column":null}},"18":{"start":{"line":30,"column":2},"end":{"line":71,"column":null}},"19":{"start":{"line":41,"column":22},"end":{"line":41,"column":null}},"20":{"start":{"line":43,"column":12},"end":{"line":45,"column":null}},"21":{"start":{"line":47,"column":10},"end":{"line":67,"column":null}},"22":{"start":{"line":75,"column":37},"end":{"line":80,"column":null}}},"fnMap":{"0":{"name":"FilesTab","decl":{"start":{"line":10,"column":24},"end":{"line":10,"column":35}},"loc":{"start":{"line":10,"column":35},"end":{"line":73,"column":null}},"line":10},"1":{"name":"(anonymous_1)","decl":{"start":{"line":14,"column":12},"end":{"line":14,"column":18}},"loc":{"start":{"line":14,"column":18},"end":{"line":22,"column":5}},"line":14},"2":{"name":"(anonymous_2)","decl":{"start":{"line":18,"column":12},"end":{"line":18,"column":13}},"loc":{"start":{"line":18,"column":22},"end":{"line":18,"column":57}},"line":18},"3":{"name":"(anonymous_3)","decl":{"start":{"line":19,"column":13},"end":{"line":19,"column":19}},"loc":{"start":{"line":19,"column":19},"end":{"line":19,"column":54}},"line":19},"4":{"name":"(anonymous_4)","decl":{"start":{"line":21,"column":11},"end":{"line":21,"column":17}},"loc":{"start":{"line":21,"column":17},"end":{"line":21,"column":null}},"line":21},"5":{"name":"(anonymous_5)","decl":{"start":{"line":40,"column":19},"end":{"line":40,"column":20}},"loc":{"start":{"line":40,"column":26},"end":{"line":69,"column":9}},"line":40}},"branchMap":{"0":{"loc":{"start":{"line":18,"column":24},"end":{"line":18,"column":56}},"type":"if","locations":[{"start":{"line":18,"column":24},"end":{"line":18,"column":56}},{"start":{},"end":{}}],"line":18},"1":{"loc":{"start":{"line":19,"column":21},"end":{"line":19,"column":53}},"type":"if","locations":[{"start":{"line":19,"column":21},"end":{"line":19,"column":53}},{"start":{},"end":{}}],"line":19},"2":{"loc":{"start":{"line":24,"column":2},"end":{"line":24,"column":null}},"type":"if","locations":[{"start":{"line":24,"column":2},"end":{"line":24,"column":null}},{"start":{},"end":{}}],"line":24},"3":{"loc":{"start":{"line":25,"column":2},"end":{"line":25,"column":null}},"type":"if","locations":[{"start":{"line":25,"column":2},"end":{"line":25,"column":null}},{"start":{},"end":{}}],"line":25},"4":{"loc":{"start":{"line":26,"column":2},"end":{"line":26,"column":null}},"type":"if","locations":[{"start":{"line":26,"column":2},"end":{"line":26,"column":null}},{"start":{},"end":{}}],"line":26},"5":{"loc":{"start":{"line":43,"column":12},"end":{"line":45,"column":null}},"type":"cond-expr","locations":[{"start":{"line":44,"column":16},"end":{"line":44,"column":null}},{"start":{"line":45,"column":16},"end":{"line":45,"column":null}}],"line":43}},"s":{"0":9,"1":9,"2":9,"3":5,"4":5,"5":3,"6":3,"7":1,"8":1,"9":5,"10":5,"11":9,"12":1,"13":8,"14":8,"15":3,"16":3,"17":2,"18":2,"19":3,"20":3,"21":3,"22":2},"f":{"0":9,"1":5,"2":3,"3":1,"4":5,"5":3},"b":{"0":[3,0],"1":[1,0],"2":[1,8],"3":[5,3],"4":[1,2],"5":[0,3]},"meta":{"lastBranch":6,"lastFunction":6,"lastStatement":23,"seen":{"f:10:24:10:35":0,"s:11:24:11:Infinity":0,"s:12:24:12:Infinity":1,"s:14:2:22:Infinity":2,"f:14:12:14:18":1,"s:15:20:15:Infinity":3,"s:17:4:19:Infinity":4,"f:18:12:18:13":2,"b:18:24:18:56:undefined:undefined:undefined:undefined":0,"s:18:24:18:56":5,"s:18:40:18:56":6,"f:19:13:19:19":3,"b:19:21:19:53:undefined:undefined:undefined:undefined":1,"s:19:21:19:53":7,"s:19:37:19:53":8,"s:21:4:21:Infinity":9,"f:21:11:21:17":4,"s:21:19:21:37":10,"b:24:2:24:Infinity:undefined:undefined:undefined:undefined":2,"s:24:2:24:Infinity":11,"s:24:13:24:Infinity":12,"b:25:2:25:Infinity:undefined:undefined:undefined:undefined":3,"s:25:2:25:Infinity":13,"s:25:14:25:Infinity":14,"b:26:2:26:Infinity:undefined:undefined:undefined:undefined":4,"s:26:2:26:Infinity":15,"s:26:26:26:Infinity":16,"s:28:19:28:Infinity":17,"s:30:2:71:Infinity":18,"f:40:19:40:20":5,"s:41:22:41:Infinity":19,"s:43:12:45:Infinity":20,"b:44:16:44:Infinity:45:16:45:Infinity":5,"s:47:10:67:Infinity":21,"s:75:37:80:Infinity":22}}}
,"/Users/jeffsteinbok/Documents/GitHub/ghcpCliDashboard-TestsAndCoverage/frontend/src/components/Header.tsx": {"path":"/Users/jeffsteinbok/Documents/GitHub/ghcpCliDashboard-TestsAndCoverage/frontend/src/components/Header.tsx","statementMap":{"0":{"start":{"line":11,"column":54},"end":{"line":21,"column":null}},"1":{"start":{"line":37,"column":40},"end":{"line":37,"column":null}},"2":{"start":{"line":38,"column":32},"end":{"line":38,"column":null}},"3":{"start":{"line":39,"column":20},"end":{"line":39,"column":null}},"4":{"start":{"line":41,"column":26},"end":{"line":41,"column":null}},"5":{"start":{"line":43,"column":2},"end":{"line":158,"column":null}},"6":{"start":{"line":88,"column":18},"end":{"line":94,"column":null}},"7":{"start":{"line":93,"column":20},"end":{"line":93,"column":null}},"8":{"start":{"line":126,"column":29},"end":{"line":126,"column":null}},"9":{"start":{"line":129,"column":14},"end":{"line":131,"column":null}}},"fnMap":{"0":{"name":"Header","decl":{"start":{"line":32,"column":24},"end":{"line":32,"column":31}},"loc":{"start":{"line":36,"column":16},"end":{"line":160,"column":null}},"line":36},"1":{"name":"(anonymous_1)","decl":{"start":{"line":87,"column":16},"end":{"line":87,"column":22}},"loc":{"start":{"line":87,"column":22},"end":{"line":95,"column":null}},"line":87},"2":{"name":"(anonymous_2)","decl":{"start":{"line":126,"column":22},"end":{"line":126,"column":23}},"loc":{"start":{"line":126,"column":29},"end":{"line":126,"column":null}},"line":126},"3":{"name":"(anonymous_3)","decl":{"start":{"line":128,"column":26},"end":{"line":128,"column":27}},"loc":{"start":{"line":129,"column":14},"end":{"line":131,"column":null}},"line":129}},"branchMap":{"0":{"loc":{"start":{"line":59,"column":7},"end":{"line":62,"column":null}},"type":"binary-expr","locations":[{"start":{"line":59,"column":7},"end":{"line":59,"column":null}},{"start":{"line":60,"column":8},"end":{"line":62,"column":null}}],"line":59},"1":{"loc":{"start":{"line":80,"column":12},"end":{"line":82,"column":null}},"type":"cond-expr","locations":[{"start":{"line":81,"column":16},"end":{"line":81,"column":null}},{"start":{"line":82,"column":16},"end":{"line":82,"column":null}}],"line":80},"2":{"loc":{"start":{"line":84,"column":21},"end":{"line":84,"column":null}},"type":"cond-expr","locations":[{"start":{"line":84,"column":39},"end":{"line":84,"column":68}},{"start":{"line":84,"column":68},"end":{"line":84,"column":null}}],"line":84},"3":{"loc":{"start":{"line":86,"column":12},"end":{"line":96,"column":null}},"type":"cond-expr","locations":[{"start":{"line":87,"column":16},"end":{"line":95,"column":null}},{"start":{"line":96,"column":16},"end":{"line":96,"column":null}}],"line":86},"4":{"loc":{"start":{"line":88,"column":18},"end":{"line":94,"column":null}},"type":"if","locations":[{"start":{"line":88,"column":18},"end":{"line":94,"column":null}},{"start":{},"end":{}}],"line":88},"5":{"loc":{"start":{"line":98,"column":17},"end":{"line":98,"column":null}},"type":"cond-expr","locations":[{"start":{"line":98,"column":35},"end":{"line":98,"column":59}},{"start":{"line":98,"column":59},"end":{"line":98,"column":null}}],"line":98},"6":{"loc":{"start":{"line":101,"column":11},"end":{"line":101,"column":null}},"type":"binary-expr","locations":[{"start":{"line":101,"column":11},"end":{"line":101,"column":30}},{"start":{"line":101,"column":30},"end":{"line":101,"column":null}}],"line":101},"7":{"loc":{"start":{"line":120,"column":13},"end":{"line":120,"column":null}},"type":"cond-expr","locations":[{"start":{"line":120,"column":37},"end":{"line":120,"column":49}},{"start":{"line":120,"column":49},"end":{"line":120,"column":null}}],"line":120},"8":{"loc":{"start":{"line":142,"column":7},"end":{"line":156,"column":null}},"type":"binary-expr","locations":[{"start":{"line":142,"column":7},"end":{"line":142,"column":null}},{"start":{"line":143,"column":8},"end":{"line":156,"column":null}}],"line":142}},"s":{"0":1,"1":2,"2":2,"3":2,"4":2,"5":2,"6":0,"7":0,"8":0,"9":18},"f":{"0":2,"1":0,"2":0,"3":18},"b":{"0":[2,0],"1":[0,2],"2":[0,2],"3":[0,2],"4":[0,0],"5":[0,2],"6":[2,0],"7":[2,0],"8":[2,0]},"meta":{"lastBranch":9,"lastFunction":4,"lastStatement":10,"seen":{"s:11:54:21:Infinity":0,"f:32:24:32:31":0,"s:37:40:37:Infinity":1,"s:38:32:38:Infinity":2,"s:39:20:39:Infinity":3,"s:41:26:41:Infinity":4,"s:43:2:158:Infinity":5,"b:59:7:59:Infinity:60:8:62:Infinity":0,"b:81:16:81:Infinity:82:16:82:Infinity":1,"b:84:39:84:68:84:68:84:Infinity":2,"b:87:16:95:Infinity:96:16:96:Infinity":3,"f:87:16:87:22":1,"b:88:18:94:Infinity:undefined:undefined:undefined:undefined":4,"s:88:18:94:Infinity":6,"s:93:20:93:Infinity":7,"b:98:35:98:59:98:59:98:Infinity":5,"b:101:11:101:30:101:30:101:Infinity":6,"b:120:37:120:49:120:49:120:Infinity":7,"f:126:22:126:23":2,"s:126:29:126:Infinity":8,"f:128:26:128:27":3,"s:129:14:131:Infinity":9,"b:142:7:142:Infinity:143:8:156:Infinity":8}}}
,"/Users/jeffsteinbok/Documents/GitHub/ghcpCliDashboard-TestsAndCoverage/frontend/src/components/SearchBar.tsx": {"path":"/Users/jeffsteinbok/Documents/GitHub/ghcpCliDashboard-TestsAndCoverage/frontend/src/components/SearchBar.tsx","statementMap":{"0":{"start":{"line":8,"column":23},"end":{"line":8,"column":null}},"1":{"start":{"line":9,"column":8},"end":{"line":9,"column":null}},"2":{"start":{"line":11,"column":2},"end":{"line":18,"column":null}},"3":{"start":{"line":17,"column":23},"end":{"line":17,"column":null}}},"fnMap":{"0":{"name":"SearchBar","decl":{"start":{"line":7,"column":24},"end":{"line":7,"column":36}},"loc":{"start":{"line":7,"column":36},"end":{"line":20,"column":null}},"line":7},"1":{"name":"(anonymous_1)","decl":{"start":{"line":17,"column":16},"end":{"line":17,"column":17}},"loc":{"start":{"line":17,"column":23},"end":{"line":17,"column":null}},"line":17}},"branchMap":{},"s":{"0":2,"1":2,"2":2,"3":0},"f":{"0":2,"1":0},"b":{},"meta":{"lastBranch":0,"lastFunction":2,"lastStatement":4,"seen":{"f:7:24:7:36":0,"s:8:23:8:Infinity":0,"s:9:8:9:Infinity":1,"s:11:2:18:Infinity":2,"f:17:16:17:17":1,"s:17:23:17:Infinity":3}}}
,"/Users/jeffsteinbok/Documents/GitHub/ghcpCliDashboard-TestsAndCoverage/frontend/src/components/SessionCard.tsx": {"path":"/Users/jeffsteinbok/Documents/GitHub/ghcpCliDashboard-TestsAndCoverage/frontend/src/components/SessionCard.tsx","statementMap":{"0":{"start":{"line":21,"column":46},"end":{"line":21,"column":null}},"1":{"start":{"line":22,"column":8},"end":{"line":22,"column":null}},"2":{"start":{"line":24,"column":20},"end":{"line":24,"column":null}},"3":{"start":{"line":25,"column":16},"end":{"line":25,"column":null}},"4":{"start":{"line":26,"column":20},"end":{"line":26,"column":null}},"5":{"start":{"line":27,"column":21},"end":{"line":27,"column":null}},"6":{"start":{"line":28,"column":20},"end":{"line":28,"column":null}},"7":{"start":{"line":30,"column":8},"end":{"line":30,"column":null}},"8":{"start":{"line":32,"column":23},"end":{"line":32,"column":null}},"9":{"start":{"line":32,"column":29},"end":{"line":32,"column":null}},"10":{"start":{"line":33,"column":21},"end":{"line":36,"column":null}},"11":{"start":{"line":34,"column":4},"end":{"line":34,"column":null}},"12":{"start":{"line":35,"column":4},"end":{"line":35,"column":null}},"13":{"start":{"line":37,"column":21},"end":{"line":40,"column":null}},"14":{"start":{"line":38,"column":4},"end":{"line":38,"column":null}},"15":{"start":{"line":39,"column":4},"end":{"line":39,"column":null}},"16":{"start":{"line":41,"column":22},"end":{"line":44,"column":null}},"17":{"start":{"line":42,"column":4},"end":{"line":42,"column":null}},"18":{"start":{"line":43,"column":4},"end":{"line":43,"column":null}},"19":{"start":{"line":45,"column":21},"end":{"line":50,"column":null}},"20":{"start":{"line":46,"column":4},"end":{"line":46,"column":null}},"21":{"start":{"line":47,"column":4},"end":{"line":49,"column":null}},"22":{"start":{"line":48,"column":6},"end":{"line":48,"column":null}},"23":{"start":{"line":52,"column":2},"end":{"line":175,"column":null}},"24":{"start":{"line":134,"column":14},"end":{"line":136,"column":null}},"25":{"start":{"line":162,"column":58},"end":{"line":162,"column":79}},"26":{"start":{"line":190,"column":22},"end":{"line":198,"column":null}},"27":{"start":{"line":191,"column":4},"end":{"line":191,"column":null}},"28":{"start":{"line":192,"column":16},"end":{"line":192,"column":null}},"29":{"start":{"line":193,"column":17},"end":{"line":193,"column":null}},"30":{"start":{"line":194,"column":4},"end":{"line":194,"column":null}},"31":{"start":{"line":195,"column":4},"end":{"line":197,"column":null}},"32":{"start":{"line":196,"column":6},"end":{"line":196,"column":null}},"33":{"start":{"line":200,"column":2},"end":{"line":203,"column":null}}},"fnMap":{"0":{"name":"SessionCard","decl":{"start":{"line":20,"column":24},"end":{"line":20,"column":36}},"loc":{"start":{"line":20,"column":83},"end":{"line":177,"column":null}},"line":20},"1":{"name":"(anonymous_1)","decl":{"start":{"line":32,"column":23},"end":{"line":32,"column":29}},"loc":{"start":{"line":32,"column":29},"end":{"line":32,"column":null}},"line":32},"2":{"name":"(anonymous_2)","decl":{"start":{"line":33,"column":21},"end":{"line":33,"column":22}},"loc":{"start":{"line":33,"column":46},"end":{"line":36,"column":null}},"line":33},"3":{"name":"(anonymous_3)","decl":{"start":{"line":37,"column":21},"end":{"line":37,"column":22}},"loc":{"start":{"line":37,"column":60},"end":{"line":40,"column":null}},"line":37},"4":{"name":"(anonymous_4)","decl":{"start":{"line":41,"column":22},"end":{"line":41,"column":23}},"loc":{"start":{"line":41,"column":47},"end":{"line":44,"column":null}},"line":41},"5":{"name":"(anonymous_5)","decl":{"start":{"line":45,"column":21},"end":{"line":45,"column":22}},"loc":{"start":{"line":45,"column":46},"end":{"line":50,"column":null}},"line":45},"6":{"name":"(anonymous_6)","decl":{"start":{"line":133,"column":32},"end":{"line":133,"column":33}},"loc":{"start":{"line":134,"column":14},"end":{"line":136,"column":null}},"line":134},"7":{"name":"(anonymous_7)","decl":{"start":{"line":162,"column":51},"end":{"line":162,"column":52}},"loc":{"start":{"line":162,"column":58},"end":{"line":162,"column":79}},"line":162},"8":{"name":"CopyButton","decl":{"start":{"line":181,"column":9},"end":{"line":181,"column":20}},"loc":{"start":{"line":189,"column":3},"end":{"line":205,"column":null}},"line":189},"9":{"name":"(anonymous_9)","decl":{"start":{"line":190,"column":22},"end":{"line":190,"column":23}},"loc":{"start":{"line":190,"column":66},"end":{"line":198,"column":null}},"line":190},"10":{"name":"(anonymous_10)","decl":{"start":{"line":195,"column":15},"end":{"line":195,"column":21}},"loc":{"start":{"line":195,"column":21},"end":{"line":197,"column":7}},"line":195}},"branchMap":{"0":{"loc":{"start":{"line":25,"column":16},"end":{"line":25,"column":null}},"type":"cond-expr","locations":[{"start":{"line":25,"column":29},"end":{"line":25,"column":64}},{"start":{"line":25,"column":64},"end":{"line":25,"column":null}}],"line":25},"1":{"loc":{"start":{"line":25,"column":29},"end":{"line":25,"column":64}},"type":"binary-expr","locations":[{"start":{"line":25,"column":29},"end":{"line":25,"column":51}},{"start":{"line":25,"column":51},"end":{"line":25,"column":64}}],"line":25},"2":{"loc":{"start":{"line":26,"column":20},"end":{"line":26,"column":null}},"type":"binary-expr","locations":[{"start":{"line":26,"column":20},"end":{"line":26,"column":33}},{"start":{"line":26,"column":33},"end":{"line":26,"column":null}}],"line":26},"3":{"loc":{"start":{"line":47,"column":4},"end":{"line":49,"column":null}},"type":"if","locations":[{"start":{"line":47,"column":4},"end":{"line":49,"column":null}},{"start":{},"end":{}}],"line":47},"4":{"loc":{"start":{"line":47,"column":8},"end":{"line":47,"column":77}},"type":"binary-expr","locations":[{"start":{"line":47,"column":8},"end":{"line":47,"column":28}},{"start":{"line":47,"column":28},"end":{"line":47,"column":77}}],"line":47},"5":{"loc":{"start":{"line":54,"column":46},"end":{"line":54,"column":74}},"type":"cond-expr","locations":[{"start":{"line":54,"column":59},"end":{"line":54,"column":72}},{"start":{"line":54,"column":72},"end":{"line":54,"column":74}}],"line":54},"6":{"loc":{"start":{"line":66,"column":13},"end":{"line":70,"column":null}},"type":"binary-expr","locations":[{"start":{"line":66,"column":13},"end":{"line":66,"column":null}},{"start":{"line":67,"column":14},"end":{"line":70,"column":null}}],"line":66},"7":{"loc":{"start":{"line":68,"column":39},"end":{"line":68,"column":93}},"type":"cond-expr","locations":[{"start":{"line":68,"column":51},"end":{"line":68,"column":63}},{"start":{"line":68,"column":63},"end":{"line":68,"column":93}}],"line":68},"8":{"loc":{"start":{"line":68,"column":63},"end":{"line":68,"column":93}},"type":"cond-expr","locations":[{"start":{"line":68,"column":82},"end":{"line":68,"column":91}},{"start":{"line":68,"column":91},"end":{"line":68,"column":93}}],"line":68},"9":{"loc":{"start":{"line":69,"column":26},"end":{"line":69,"column":null}},"type":"cond-expr","locations":[{"start":{"line":69,"column":38},"end":{"line":69,"column":60}},{"start":{"line":69,"column":60},"end":{"line":69,"column":null}}],"line":69},"10":{"loc":{"start":{"line":69,"column":60},"end":{"line":69,"column":null}},"type":"cond-expr","locations":[{"start":{"line":69,"column":79},"end":{"line":69,"column":88}},{"start":{"line":69,"column":88},"end":{"line":69,"column":null}}],"line":69},"11":{"loc":{"start":{"line":75,"column":16},"end":{"line":77,"column":null}},"type":"cond-expr","locations":[{"start":{"line":76,"column":20},"end":{"line":76,"column":null}},{"start":{"line":77,"column":20},"end":{"line":77,"column":null}}],"line":75},"12":{"loc":{"start":{"line":75,"column":16},"end":{"line":75,"column":null}},"type":"binary-expr","locations":[{"start":{"line":75,"column":16},"end":{"line":75,"column":29}},{"start":{"line":75,"column":29},"end":{"line":75,"column":null}}],"line":75},"13":{"loc":{"start":{"line":77,"column":36},"end":{"line":77,"column":51}},"type":"binary-expr","locations":[{"start":{"line":77,"column":36},"end":{"line":77,"column":49}},{"start":{"line":77,"column":49},"end":{"line":77,"column":51}}],"line":77},"14":{"loc":{"start":{"line":80,"column":15},"end":{"line":80,"column":null}},"type":"cond-expr","locations":[{"start":{"line":80,"column":39},"end":{"line":80,"column":58}},{"start":{"line":80,"column":58},"end":{"line":80,"column":null}}],"line":80},"15":{"loc":{"start":{"line":80,"column":15},"end":{"line":80,"column":39}},"type":"binary-expr","locations":[{"start":{"line":80,"column":15},"end":{"line":80,"column":28}},{"start":{"line":80,"column":28},"end":{"line":80,"column":39}}],"line":80},"16":{"loc":{"start":{"line":80,"column":58},"end":{"line":80,"column":null}},"type":"binary-expr","locations":[{"start":{"line":80,"column":58},"end":{"line":80,"column":71}},{"start":{"line":80,"column":71},"end":{"line":80,"column":null}}],"line":80},"17":{"loc":{"start":{"line":82,"column":13},"end":{"line":83,"column":null}},"type":"binary-expr","locations":[{"start":{"line":82,"column":13},"end":{"line":82,"column":26}},{"start":{"line":82,"column":26},"end":{"line":82,"column":null}},{"start":{"line":83,"column":14},"end":{"line":83,"column":null}}],"line":82},"18":{"loc":{"start":{"line":88,"column":11},"end":{"line":91,"column":null}},"type":"binary-expr","locations":[{"start":{"line":88,"column":11},"end":{"line":88,"column":null}},{"start":{"line":89,"column":12},"end":{"line":91,"column":null}}],"line":88},"19":{"loc":{"start":{"line":95,"column":11},"end":{"line":98,"column":null}},"type":"binary-expr","locations":[{"start":{"line":95,"column":11},"end":{"line":95,"column":null}},{"start":{"line":96,"column":12},"end":{"line":98,"column":null}}],"line":95},"20":{"loc":{"start":{"line":102,"column":11},"end":{"line":105,"column":null}},"type":"binary-expr","locations":[{"start":{"line":102,"column":11},"end":{"line":102,"column":24}},{"start":{"line":102,"column":24},"end":{"line":102,"column":null}},{"start":{"line":103,"column":12},"end":{"line":105,"column":null}}],"line":102},"21":{"loc":{"start":{"line":110,"column":13},"end":{"line":113,"column":null}},"type":"binary-expr","locations":[{"start":{"line":110,"column":13},"end":{"line":110,"column":26}},{"start":{"line":110,"column":26},"end":{"line":110,"column":35}},{"start":{"line":110,"column":35},"end":{"line":110,"column":null}},{"start":{"line":111,"column":14},"end":{"line":113,"column":null}}],"line":110},"22":{"loc":{"start":{"line":111,"column":40},"end":{"line":111,"column":82}},"type":"binary-expr","locations":[{"start":{"line":111,"column":40},"end":{"line":111,"column":68}},{"start":{"line":111,"column":68},"end":{"line":111,"column":82}}],"line":111},"23":{"loc":{"start":{"line":112,"column":17},"end":{"line":112,"column":null}},"type":"binary-expr","locations":[{"start":{"line":112,"column":17},"end":{"line":112,"column":40}},{"start":{"line":112,"column":40},"end":{"line":112,"column":null}}],"line":112},"24":{"loc":{"start":{"line":115,"column":13},"end":{"line":118,"column":null}},"type":"binary-expr","locations":[{"start":{"line":115,"column":13},"end":{"line":115,"column":26}},{"start":{"line":115,"column":26},"end":{"line":115,"column":null}},{"start":{"line":116,"column":14},"end":{"line":118,"column":null}}],"line":115},"25":{"loc":{"start":{"line":116,"column":109},"end":{"line":116,"column":145}},"type":"cond-expr","locations":[{"start":{"line":116,"column":137},"end":{"line":116,"column":143}},{"start":{"line":116,"column":143},"end":{"line":116,"column":145}}],"line":116},"26":{"loc":{"start":{"line":117,"column":51},"end":{"line":117,"column":null}},"type":"cond-expr","locations":[{"start":{"line":117,"column":79},"end":{"line":117,"column":85}},{"start":{"line":117,"column":85},"end":{"line":117,"column":null}}],"line":117},"27":{"loc":{"start":{"line":120,"column":13},"end":{"line":123,"column":null}},"type":"binary-expr","locations":[{"start":{"line":120,"column":13},"end":{"line":120,"column":null}},{"start":{"line":121,"column":14},"end":{"line":123,"column":null}}],"line":120},"28":{"loc":{"start":{"line":121,"column":66},"end":{"line":121,"column":109}},"type":"cond-expr","locations":[{"start":{"line":121,"column":68},"end":{"line":121,"column":107}},{"start":{"line":121,"column":107},"end":{"line":121,"column":109}}],"line":121},"29":{"loc":{"start":{"line":122,"column":19},"end":{"line":122,"column":59}},"type":"cond-expr","locations":[{"start":{"line":122,"column":34},"end":{"line":122,"column":55}},{"start":{"line":122,"column":55},"end":{"line":122,"column":59}}],"line":122},"30":{"loc":{"start":{"line":128,"column":13},"end":{"line":131,"column":null}},"type":"binary-expr","locations":[{"start":{"line":128,"column":13},"end":{"line":128,"column":null}},{"start":{"line":129,"column":14},"end":{"line":131,"column":null}}],"line":128},"31":{"loc":{"start":{"line":129,"column":92},"end":{"line":129,"column":127}},"type":"cond-expr","locations":[{"start":{"line":129,"column":119},"end":{"line":129,"column":125}},{"start":{"line":129,"column":125},"end":{"line":129,"column":127}}],"line":129},"32":{"loc":{"start":{"line":141,"column":24},"end":{"line":141,"column":null}},"type":"cond-expr","locations":[{"start":{"line":141,"column":36},"end":{"line":141,"column":54}},{"start":{"line":141,"column":54},"end":{"line":141,"column":null}}],"line":141},"33":{"loc":{"start":{"line":143,"column":15},"end":{"line":143,"column":null}},"type":"cond-expr","locations":[{"start":{"line":143,"column":27},"end":{"line":143,"column":33}},{"start":{"line":143,"column":33},"end":{"line":143,"column":null}}],"line":143},"34":{"loc":{"start":{"line":156,"column":9},"end":{"line":159,"column":null}},"type":"binary-expr","locations":[{"start":{"line":156,"column":9},"end":{"line":156,"column":null}},{"start":{"line":157,"column":10},"end":{"line":159,"column":null}}],"line":156},"35":{"loc":{"start":{"line":161,"column":9},"end":{"line":167,"column":null}},"type":"binary-expr","locations":[{"start":{"line":161,"column":9},"end":{"line":161,"column":22}},{"start":{"line":161,"column":22},"end":{"line":161,"column":null}},{"start":{"line":162,"column":10},"end":{"line":167,"column":null}}],"line":161},"36":{"loc":{"start":{"line":173,"column":9},"end":{"line":173,"column":null}},"type":"binary-expr","locations":[{"start":{"line":173,"column":9},"end":{"line":173,"column":23}},{"start":{"line":173,"column":23},"end":{"line":173,"column":null}}],"line":173}},"s":{"0":13,"1":13,"2":13,"3":13,"4":13,"5":13,"6":13,"7":13,"8":13,"9":0,"10":13,"11":0,"12":0,"13":13,"14":0,"15":0,"16":13,"17":0,"18":0,"19":13,"20":0,"21":0,"22":0,"23":13,"24":0,"25":0,"26":26,"27":0,"28":0,"29":0,"30":0,"31":0,"32":0,"33":26},"f":{"0":13,"1":0,"2":0,"3":0,"4":0,"5":0,"6":0,"7":0,"8":26,"9":0,"10":0},"b":{"0":[2,11],"1":[2,0],"2":[13,2],"3":[0,0],"4":[0,0],"5":[0,13],"6":[13,2],"7":[0,2],"8":[0,2],"9":[0,2],"10":[0,2],"11":[0,13],"12":[13,2],"13":[13,1],"14":[0,13],"15":[13,2],"16":[13,1],"17":[13,2,1],"18":[13,1],"19":[13,0],"20":[13,0,0],"21":[13,2,2,2],"22":[2,0],"23":[2,0],"24":[13,2,0],"25":[0,0],"26":[0,0],"27":[13,1],"28":[1,0],"29":[1,0],"30":[13,13],"31":[1,12],"32":[0,13],"33":[0,13],"34":[13,2],"35":[13,2,2],"36":[13,0]},"meta":{"lastBranch":37,"lastFunction":11,"lastStatement":34,"seen":{"f:20:24:20:36":0,"s:21:46:21:Infinity":0,"s:22:8:22:Infinity":1,"s:24:20:24:Infinity":2,"s:25:16:25:Infinity":3,"b:25:29:25:64:25:64:25:Infinity":0,"b:25:29:25:51:25:51:25:64":1,"s:26:20:26:Infinity":4,"b:26:20:26:33:26:33:26:Infinity":2,"s:27:21:27:Infinity":5,"s:28:20:28:Infinity":6,"s:30:8:30:Infinity":7,"s:32:23:32:Infinity":8,"f:32:23:32:29":1,"s:32:29:32:Infinity":9,"s:33:21:36:Infinity":10,"f:33:21:33:22":2,"s:34:4:34:Infinity":11,"s:35:4:35:Infinity":12,"s:37:21:40:Infinity":13,"f:37:21:37:22":3,"s:38:4:38:Infinity":14,"s:39:4:39:Infinity":15,"s:41:22:44:Infinity":16,"f:41:22:41:23":4,"s:42:4:42:Infinity":17,"s:43:4:43:Infinity":18,"s:45:21:50:Infinity":19,"f:45:21:45:22":5,"s:46:4:46:Infinity":20,"b:47:4:49:Infinity:undefined:undefined:undefined:undefined":3,"s:47:4:49:Infinity":21,"b:47:8:47:28:47:28:47:77":4,"s:48:6:48:Infinity":22,"s:52:2:175:Infinity":23,"b:54:59:54:72:54:72:54:74":5,"b:66:13:66:Infinity:67:14:70:Infinity":6,"b:68:51:68:63:68:63:68:93":7,"b:68:82:68:91:68:91:68:93":8,"b:69:38:69:60:69:60:69:Infinity":9,"b:69:79:69:88:69:88:69:Infinity":10,"b:76:20:76:Infinity:77:20:77:Infinity":11,"b:75:16:75:29:75:29:75:Infinity":12,"b:77:36:77:49:77:49:77:51":13,"b:80:39:80:58:80:58:80:Infinity":14,"b:80:15:80:28:80:28:80:39":15,"b:80:58:80:71:80:71:80:Infinity":16,"b:82:13:82:26:82:26:82:Infinity:83:14:83:Infinity":17,"b:88:11:88:Infinity:89:12:91:Infinity":18,"b:95:11:95:Infinity:96:12:98:Infinity":19,"b:102:11:102:24:102:24:102:Infinity:103:12:105:Infinity":20,"b:110:13:110:26:110:26:110:35:110:35:110:Infinity:111:14:113:Infinity":21,"b:111:40:111:68:111:68:111:82":22,"b:112:17:112:40:112:40:112:Infinity":23,"b:115:13:115:26:115:26:115:Infinity:116:14:118:Infinity":24,"b:116:137:116:143:116:143:116:145":25,"b:117:79:117:85:117:85:117:Infinity":26,"b:120:13:120:Infinity:121:14:123:Infinity":27,"b:121:68:121:107:121:107:121:109":28,"b:122:34:122:55:122:55:122:59":29,"b:128:13:128:Infinity:129:14:131:Infinity":30,"b:129:119:129:125:129:125:129:127":31,"f:133:32:133:33":6,"s:134:14:136:Infinity":24,"b:141:36:141:54:141:54:141:Infinity":32,"b:143:27:143:33:143:33:143:Infinity":33,"b:156:9:156:Infinity:157:10:159:Infinity":34,"b:161:9:161:22:161:22:161:Infinity:162:10:167:Infinity":35,"f:162:51:162:52":7,"s:162:58:162:79":25,"b:173:9:173:23:173:23:173:Infinity":36,"f:181:9:181:20":8,"s:190:22:198:Infinity":26,"f:190:22:190:23":9,"s:191:4:191:Infinity":27,"s:192:16:192:Infinity":28,"s:193:17:193:Infinity":29,"s:194:4:194:Infinity":30,"s:195:4:197:Infinity":31,"f:195:15:195:21":10,"s:196:6:196:Infinity":32,"s:200:2:203:Infinity":33}}}
,"/Users/jeffsteinbok/Documents/GitHub/ghcpCliDashboard-TestsAndCoverage/frontend/src/components/SessionDetail.tsx": {"path":"/Users/jeffsteinbok/Documents/GitHub/ghcpCliDashboard-TestsAndCoverage/frontend/src/components/SessionDetail.tsx","statementMap":{"0":{"start":{"line":19,"column":22},"end":{"line":19,"column":null}},"1":{"start":{"line":20,"column":24},"end":{"line":20,"column":null}},"2":{"start":{"line":22,"column":2},"end":{"line":36,"column":null}},"3":{"start":{"line":23,"column":20},"end":{"line":23,"column":null}},"4":{"start":{"line":25,"column":4},"end":{"line":31,"column":null}},"5":{"start":{"line":27,"column":8},"end":{"line":27,"column":null}},"6":{"start":{"line":27,"column":24},"end":{"line":27,"column":null}},"7":{"start":{"line":30,"column":8},"end":{"line":30,"column":null}},"8":{"start":{"line":30,"column":24},"end":{"line":30,"column":null}},"9":{"start":{"line":33,"column":4},"end":{"line":35,"column":null}},"10":{"start":{"line":34,"column":6},"end":{"line":34,"column":null}},"11":{"start":{"line":38,"column":2},"end":{"line":38,"column":null}},"12":{"start":{"line":38,"column":13},"end":{"line":38,"column":null}},"13":{"start":{"line":39,"column":2},"end":{"line":39,"column":null}},"14":{"start":{"line":39,"column":13},"end":{"line":39,"column":null}},"15":{"start":{"line":42,"column":4},"end":{"line":46,"column":null}},"16":{"start":{"line":48,"column":2},"end":{"line":50,"column":null}},"17":{"start":{"line":49,"column":4},"end":{"line":49,"column":null}},"18":{"start":{"line":52,"column":2},"end":{"line":59,"column":null}},"19":{"start":{"line":72,"column":2},"end":{"line":72,"column":null}},"20":{"start":{"line":72,"column":32},"end":{"line":72,"column":null}},"21":{"start":{"line":74,"column":2},"end":{"line":80,"column":null}},"22":{"start":{"line":78,"column":8},"end":{"line":78,"column":null}},"23":{"start":{"line":91,"column":22},"end":{"line":91,"column":null}},"24":{"start":{"line":93,"column":2},"end":{"line":108,"column":null}},"25":{"start":{"line":94,"column":44},"end":{"line":94,"column":null}},"26":{"start":{"line":113,"column":2},"end":{"line":113,"column":null}},"27":{"start":{"line":113,"column":25},"end":{"line":113,"column":null}},"28":{"start":{"line":115,"column":2},"end":{"line":125,"column":null}},"29":{"start":{"line":120,"column":10},"end":{"line":122,"column":null}},"30":{"start":{"line":130,"column":2},"end":{"line":130,"column":null}},"31":{"start":{"line":130,"column":26},"end":{"line":130,"column":null}},"32":{"start":{"line":132,"column":2},"end":{"line":156,"column":null}},"33":{"start":{"line":150,"column":10},"end":{"line":153,"column":null}},"34":{"start":{"line":161,"column":2},"end":{"line":161,"column":null}},"35":{"start":{"line":161,"column":26},"end":{"line":161,"column":null}},"36":{"start":{"line":163,"column":2},"end":{"line":182,"column":null}},"37":{"start":{"line":167,"column":14},"end":{"line":167,"column":null}},"38":{"start":{"line":168,"column":14},"end":{"line":168,"column":null}},"39":{"start":{"line":169,"column":8},"end":{"line":179,"column":null}},"40":{"start":{"line":191,"column":2},"end":{"line":191,"column":null}},"41":{"start":{"line":191,"column":31},"end":{"line":191,"column":null}},"42":{"start":{"line":193,"column":19},"end":{"line":193,"column":null}},"43":{"start":{"line":195,"column":2},"end":{"line":248,"column":null}},"44":{"start":{"line":199,"column":20},"end":{"line":199,"column":null}},"45":{"start":{"line":200,"column":8},"end":{"line":245,"column":null}}},"fnMap":{"0":{"name":"SessionDetail","decl":{"start":{"line":18,"column":24},"end":{"line":18,"column":38}},"loc":{"start":{"line":18,"column":73},"end":{"line":61,"column":null}},"line":18},"1":{"name":"(anonymous_1)","decl":{"start":{"line":22,"column":12},"end":{"line":22,"column":18}},"loc":{"start":{"line":22,"column":18},"end":{"line":36,"column":5}},"line":22},"2":{"name":"(anonymous_2)","decl":{"start":{"line":26,"column":12},"end":{"line":26,"column":13}},"loc":{"start":{"line":26,"column":19},"end":{"line":28,"column":7}},"line":26},"3":{"name":"(anonymous_3)","decl":{"start":{"line":29,"column":13},"end":{"line":29,"column":19}},"loc":{"start":{"line":29,"column":19},"end":{"line":31,"column":7}},"line":29},"4":{"name":"(anonymous_4)","decl":{"start":{"line":33,"column":11},"end":{"line":33,"column":17}},"loc":{"start":{"line":33,"column":17},"end":{"line":35,"column":null}},"line":33},"5":{"name":"CheckpointsSection","decl":{"start":{"line":65,"column":9},"end":{"line":65,"column":28}},"loc":{"start":{"line":71,"column":3},"end":{"line":82,"column":null}},"line":71},"6":{"name":"(anonymous_6)","decl":{"start":{"line":77,"column":23},"end":{"line":77,"column":24}},"loc":{"start":{"line":78,"column":8},"end":{"line":78,"column":null}},"line":78},"7":{"name":"CheckpointItem","decl":{"start":{"line":84,"column":9},"end":{"line":84,"column":24}},"loc":{"start":{"line":90,"column":3},"end":{"line":110,"column":null}},"line":90},"8":{"name":"(anonymous_8)","decl":{"start":{"line":94,"column":38},"end":{"line":94,"column":44}},"loc":{"start":{"line":94,"column":44},"end":{"line":94,"column":null}},"line":94},"9":{"name":"RefsSection","decl":{"start":{"line":112,"column":9},"end":{"line":112,"column":21}},"loc":{"start":{"line":112,"column":68},"end":{"line":127,"column":null}},"line":112},"10":{"name":"(anonymous_10)","decl":{"start":{"line":119,"column":18},"end":{"line":119,"column":19}},"loc":{"start":{"line":120,"column":10},"end":{"line":122,"column":null}},"line":120},"11":{"name":"RecentOutputSection","decl":{"start":{"line":129,"column":9},"end":{"line":129,"column":29}},"loc":{"start":{"line":129,"column":61},"end":{"line":158,"column":null}},"line":129},"12":{"name":"(anonymous_12)","decl":{"start":{"line":149,"column":19},"end":{"line":149,"column":20}},"loc":{"start":{"line":150,"column":10},"end":{"line":153,"column":null}},"line":150},"13":{"name":"TurnsSection","decl":{"start":{"line":160,"column":9},"end":{"line":160,"column":22}},"loc":{"start":{"line":160,"column":72},"end":{"line":184,"column":null}},"line":160},"14":{"name":"(anonymous_14)","decl":{"start":{"line":166,"column":17},"end":{"line":166,"column":18}},"loc":{"start":{"line":166,"column":27},"end":{"line":181,"column":7}},"line":166},"15":{"name":"ToolCountsSection","decl":{"start":{"line":186,"column":9},"end":{"line":186,"column":27}},"loc":{"start":{"line":190,"column":3},"end":{"line":250,"column":null}},"line":190},"16":{"name":"(anonymous_16)","decl":{"start":{"line":198,"column":22},"end":{"line":198,"column":23}},"loc":{"start":{"line":198,"column":29},"end":{"line":247,"column":7}},"line":198}},"branchMap":{"0":{"loc":{"start":{"line":27,"column":8},"end":{"line":27,"column":null}},"type":"if","locations":[{"start":{"line":27,"column":8},"end":{"line":27,"column":null}},{"start":{},"end":{}}],"line":27},"1":{"loc":{"start":{"line":30,"column":8},"end":{"line":30,"column":null}},"type":"if","locations":[{"start":{"line":30,"column":8},"end":{"line":30,"column":null}},{"start":{},"end":{}}],"line":30},"2":{"loc":{"start":{"line":38,"column":2},"end":{"line":38,"column":null}},"type":"if","locations":[{"start":{"line":38,"column":2},"end":{"line":38,"column":null}},{"start":{},"end":{}}],"line":38},"3":{"loc":{"start":{"line":39,"column":2},"end":{"line":39,"column":null}},"type":"if","locations":[{"start":{"line":39,"column":2},"end":{"line":39,"column":null}},{"start":{},"end":{}}],"line":39},"4":{"loc":{"start":{"line":42,"column":4},"end":{"line":46,"column":null}},"type":"binary-expr","locations":[{"start":{"line":42,"column":4},"end":{"line":42,"column":null}},{"start":{"line":43,"column":4},"end":{"line":43,"column":null}},{"start":{"line":44,"column":4},"end":{"line":44,"column":null}},{"start":{"line":45,"column":4},"end":{"line":45,"column":null}},{"start":{"line":46,"column":4},"end":{"line":46,"column":null}}],"line":42},"5":{"loc":{"start":{"line":48,"column":2},"end":{"line":50,"column":null}},"type":"if","locations":[{"start":{"line":48,"column":2},"end":{"line":50,"column":null}},{"start":{},"end":{}}],"line":48},"6":{"loc":{"start":{"line":72,"column":2},"end":{"line":72,"column":null}},"type":"if","locations":[{"start":{"line":72,"column":2},"end":{"line":72,"column":null}},{"start":{},"end":{}}],"line":72},"7":{"loc":{"start":{"line":96,"column":34},"end":{"line":96,"column":null}},"type":"binary-expr","locations":[{"start":{"line":96,"column":34},"end":{"line":96,"column":46}},{"start":{"line":96,"column":46},"end":{"line":96,"column":null}}],"line":96},"8":{"loc":{"start":{"line":98,"column":7},"end":{"line":106,"column":null}},"type":"binary-expr","locations":[{"start":{"line":98,"column":7},"end":{"line":98,"column":null}},{"start":{"line":99,"column":8},"end":{"line":106,"column":null}}],"line":98},"9":{"loc":{"start":{"line":100,"column":11},"end":{"line":100,"column":null}},"type":"binary-expr","locations":[{"start":{"line":100,"column":11},"end":{"line":100,"column":26}},{"start":{"line":100,"column":26},"end":{"line":100,"column":null}}],"line":100},"10":{"loc":{"start":{"line":101,"column":11},"end":{"line":104,"column":null}},"type":"binary-expr","locations":[{"start":{"line":101,"column":11},"end":{"line":101,"column":null}},{"start":{"line":102,"column":12},"end":{"line":104,"column":null}}],"line":101},"11":{"loc":{"start":{"line":113,"column":2},"end":{"line":113,"column":null}},"type":"if","locations":[{"start":{"line":113,"column":2},"end":{"line":113,"column":null}},{"start":{},"end":{}}],"line":113},"12":{"loc":{"start":{"line":130,"column":2},"end":{"line":130,"column":null}},"type":"if","locations":[{"start":{"line":130,"column":2},"end":{"line":130,"column":null}},{"start":{},"end":{}}],"line":130},"13":{"loc":{"start":{"line":161,"column":2},"end":{"line":161,"column":null}},"type":"if","locations":[{"start":{"line":161,"column":2},"end":{"line":161,"column":null}},{"start":{},"end":{}}],"line":161},"14":{"loc":{"start":{"line":167,"column":19},"end":{"line":167,"column":41}},"type":"binary-expr","locations":[{"start":{"line":167,"column":19},"end":{"line":167,"column":37}},{"start":{"line":167,"column":37},"end":{"line":167,"column":41}}],"line":167},"15":{"loc":{"start":{"line":168,"column":19},"end":{"line":168,"column":47}},"type":"binary-expr","locations":[{"start":{"line":168,"column":19},"end":{"line":168,"column":43}},{"start":{"line":168,"column":43},"end":{"line":168,"column":47}}],"line":168},"16":{"loc":{"start":{"line":173,"column":15},"end":{"line":173,"column":null}},"type":"cond-expr","locations":[{"start":{"line":173,"column":63},"end":{"line":173,"column":71}},{"start":{"line":173,"column":71},"end":{"line":173,"column":null}}],"line":173},"17":{"loc":{"start":{"line":173,"column":15},"end":{"line":173,"column":63}},"type":"binary-expr","locations":[{"start":{"line":173,"column":15},"end":{"line":173,"column":33}},{"start":{"line":173,"column":33},"end":{"line":173,"column":63}}],"line":173},"18":{"loc":{"start":{"line":177,"column":15},"end":{"line":177,"column":null}},"type":"cond-expr","locations":[{"start":{"line":177,"column":75},"end":{"line":177,"column":83}},{"start":{"line":177,"column":83},"end":{"line":177,"column":null}}],"line":177},"19":{"loc":{"start":{"line":177,"column":15},"end":{"line":177,"column":75}},"type":"binary-expr","locations":[{"start":{"line":177,"column":15},"end":{"line":177,"column":39}},{"start":{"line":177,"column":39},"end":{"line":177,"column":75}}],"line":177},"20":{"loc":{"start":{"line":191,"column":2},"end":{"line":191,"column":null}},"type":"if","locations":[{"start":{"line":191,"column":2},"end":{"line":191,"column":null}},{"start":{},"end":{}}],"line":191}},"s":{"0":14,"1":14,"2":14,"3":8,"4":8,"5":8,"6":8,"7":0,"8":0,"9":8,"10":8,"11":14,"12":0,"13":13,"14":13,"15":5,"16":14,"17":5,"18":0,"19":0,"20":0,"21":0,"22":0,"23":0,"24":0,"25":0,"26":0,"27":0,"28":0,"29":0,"30":0,"31":0,"32":0,"33":0,"34":0,"35":0,"36":0,"37":0,"38":0,"39":0,"40":0,"41":0,"42":0,"43":0,"44":0,"45":0},"f":{"0":14,"1":8,"2":8,"3":0,"4":8,"5":0,"6":0,"7":0,"8":0,"9":0,"10":0,"11":0,"12":0,"13":0,"14":0,"15":0,"16":0},"b":{"0":[8,0],"1":[0,0],"2":[0,14],"3":[8,5],"4":[5,5,5,5,5],"5":[5,9],"6":[0,0],"7":[0,0],"8":[0,0],"9":[0,0],"10":[0,0],"11":[0,0],"12":[0,0],"13":[0,0],"14":[0,0],"15":[0,0],"16":[0,0],"17":[0,0],"18":[0,0],"19":[0,0],"20":[0,0]},"meta":{"lastBranch":21,"lastFunction":17,"lastStatement":46,"seen":{"f:18:24:18:38":0,"s:19:22:19:Infinity":0,"s:20:24:20:Infinity":1,"s:22:2:36:Infinity":2,"f:22:12:22:18":1,"s:23:20:23:Infinity":3,"s:25:4:31:Infinity":4,"f:26:12:26:13":2,"b:27:8:27:Infinity:undefined:undefined:undefined:undefined":0,"s:27:8:27:Infinity":5,"s:27:24:27:Infinity":6,"f:29:13:29:19":3,"b:30:8:30:Infinity:undefined:undefined:undefined:undefined":1,"s:30:8:30:Infinity":7,"s:30:24:30:Infinity":8,"s:33:4:35:Infinity":9,"f:33:11:33:17":4,"s:34:6:34:Infinity":10,"b:38:2:38:Infinity:undefined:undefined:undefined:undefined":2,"s:38:2:38:Infinity":11,"s:38:13:38:Infinity":12,"b:39:2:39:Infinity:undefined:undefined:undefined:undefined":3,"s:39:2:39:Infinity":13,"s:39:13:39:Infinity":14,"s:42:4:46:Infinity":15,"b:42:4:42:Infinity:43:4:43:Infinity:44:4:44:Infinity:45:4:45:Infinity:46:4:46:Infinity":4,"b:48:2:50:Infinity:undefined:undefined:undefined:undefined":5,"s:48:2:50:Infinity":16,"s:49:4:49:Infinity":17,"s:52:2:59:Infinity":18,"f:65:9:65:28":5,"b:72:2:72:Infinity:undefined:undefined:undefined:undefined":6,"s:72:2:72:Infinity":19,"s:72:32:72:Infinity":20,"s:74:2:80:Infinity":21,"f:77:23:77:24":6,"s:78:8:78:Infinity":22,"f:84:9:84:24":7,"s:91:22:91:Infinity":23,"s:93:2:108:Infinity":24,"f:94:38:94:44":8,"s:94:44:94:Infinity":25,"b:96:34:96:46:96:46:96:Infinity":7,"b:98:7:98:Infinity:99:8:106:Infinity":8,"b:100:11:100:26:100:26:100:Infinity":9,"b:101:11:101:Infinity:102:12:104:Infinity":10,"f:112:9:112:21":9,"b:113:2:113:Infinity:undefined:undefined:undefined:undefined":11,"s:113:2:113:Infinity":26,"s:113:25:113:Infinity":27,"s:115:2:125:Infinity":28,"f:119:18:119:19":10,"s:120:10:122:Infinity":29,"f:129:9:129:29":11,"b:130:2:130:Infinity:undefined:undefined:undefined:undefined":12,"s:130:2:130:Infinity":30,"s:130:26:130:Infinity":31,"s:132:2:156:Infinity":32,"f:149:19:149:20":12,"s:150:10:153:Infinity":33,"f:160:9:160:22":13,"b:161:2:161:Infinity:undefined:undefined:undefined:undefined":13,"s:161:2:161:Infinity":34,"s:161:26:161:Infinity":35,"s:163:2:182:Infinity":36,"f:166:17:166:18":14,"s:167:14:167:Infinity":37,"b:167:19:167:37:167:37:167:41":14,"s:168:14:168:Infinity":38,"b:168:19:168:43:168:43:168:47":15,"s:169:8:179:Infinity":39,"b:173:63:173:71:173:71:173:Infinity":16,"b:173:15:173:33:173:33:173:63":17,"b:177:75:177:83:177:83:177:Infinity":18,"b:177:15:177:39:177:39:177:75":19,"f:186:9:186:27":15,"b:191:2:191:Infinity:undefined:undefined:undefined:undefined":20,"s:191:2:191:Infinity":40,"s:191:31:191:Infinity":41,"s:193:19:193:Infinity":42,"s:195:2:248:Infinity":43,"f:198:22:198:23":16,"s:199:20:199:Infinity":44,"s:200:8:245:Infinity":45}}}
,"/Users/jeffsteinbok/Documents/GitHub/ghcpCliDashboard-TestsAndCoverage/frontend/src/components/SessionGrid.tsx": {"path":"/Users/jeffsteinbok/Documents/GitHub/ghcpCliDashboard-TestsAndCoverage/frontend/src/components/SessionGrid.tsx","statementMap":{"0":{"start":{"line":21,"column":26},"end":{"line":21,"column":null}},"1":{"start":{"line":22,"column":38},"end":{"line":22,"column":null}},"2":{"start":{"line":24,"column":2},"end":{"line":30,"column":null}},"3":{"start":{"line":25,"column":4},"end":{"line":28,"column":null}},"4":{"start":{"line":32,"column":8},"end":{"line":32,"column":null}},"5":{"start":{"line":34,"column":2},"end":{"line":56,"column":null}},"6":{"start":{"line":38,"column":10},"end":{"line":43,"column":null}},"7":{"start":{"line":42,"column":41},"end":{"line":42,"column":null}},"8":{"start":{"line":53,"column":25},"end":{"line":53,"column":null}}},"fnMap":{"0":{"name":"SessionGrid","decl":{"start":{"line":20,"column":24},"end":{"line":20,"column":36}},"loc":{"start":{"line":20,"column":89},"end":{"line":58,"column":null}},"line":20},"1":{"name":"(anonymous_1)","decl":{"start":{"line":37,"column":20},"end":{"line":37,"column":21}},"loc":{"start":{"line":38,"column":10},"end":{"line":43,"column":null}},"line":38},"2":{"name":"(anonymous_2)","decl":{"start":{"line":42,"column":26},"end":{"line":42,"column":27}},"loc":{"start":{"line":42,"column":41},"end":{"line":42,"column":null}},"line":42},"3":{"name":"(anonymous_3)","decl":{"start":{"line":53,"column":19},"end":{"line":53,"column":25}},"loc":{"start":{"line":53,"column":25},"end":{"line":53,"column":null}},"line":53}},"branchMap":{"0":{"loc":{"start":{"line":24,"column":2},"end":{"line":30,"column":null}},"type":"if","locations":[{"start":{"line":24,"column":2},"end":{"line":30,"column":null}},{"start":{},"end":{}}],"line":24},"1":{"loc":{"start":{"line":27,"column":9},"end":{"line":27,"column":null}},"type":"cond-expr","locations":[{"start":{"line":27,"column":20},"end":{"line":27,"column":53}},{"start":{"line":27,"column":53},"end":{"line":27,"column":null}}],"line":27},"2":{"loc":{"start":{"line":47,"column":7},"end":{"line":54,"column":null}},"type":"binary-expr","locations":[{"start":{"line":47,"column":7},"end":{"line":47,"column":null}},{"start":{"line":48,"column":8},"end":{"line":54,"column":null}}],"line":47}},"s":{"0":4,"1":4,"2":4,"3":4,"4":0,"5":0,"6":0,"7":0,"8":0},"f":{"0":4,"1":0,"2":0,"3":0},"b":{"0":[4,0],"1":[2,2],"2":[0,0]},"meta":{"lastBranch":3,"lastFunction":4,"lastStatement":9,"seen":{"f:20:24:20:36":0,"s:21:26:21:Infinity":0,"s:22:38:22:Infinity":1,"b:24:2:30:Infinity:undefined:undefined:undefined:undefined":0,"s:24:2:30:Infinity":2,"s:25:4:28:Infinity":3,"b:27:20:27:53:27:53:27:Infinity":1,"s:32:8:32:Infinity":4,"s:34:2:56:Infinity":5,"f:37:20:37:21":1,"s:38:10:43:Infinity":6,"f:42:26:42:27":2,"s:42:41:42:Infinity":7,"b:47:7:47:Infinity:48:8:54:Infinity":2,"f:53:19:53:25":3,"s:53:25:53:Infinity":8}}}
,"/Users/jeffsteinbok/Documents/GitHub/ghcpCliDashboard-TestsAndCoverage/frontend/src/components/SessionList.tsx": {"path":"/Users/jeffsteinbok/Documents/GitHub/ghcpCliDashboard-TestsAndCoverage/frontend/src/components/SessionList.tsx","statementMap":{"0":{"start":{"line":20,"column":43},"end":{"line":20,"column":null}},"1":{"start":{"line":21,"column":8},"end":{"line":21,"column":null}},"2":{"start":{"line":23,"column":2},"end":{"line":29,"column":null}},"3":{"start":{"line":24,"column":4},"end":{"line":27,"column":null}},"4":{"start":{"line":31,"column":8},"end":{"line":31,"column":null}},"5":{"start":{"line":33,"column":2},"end":{"line":62,"column":null}},"6":{"start":{"line":36,"column":20},"end":{"line":36,"column":null}},"7":{"start":{"line":37,"column":28},"end":{"line":37,"column":null}},"8":{"start":{"line":38,"column":14},"end":{"line":38,"column":null}},"9":{"start":{"line":40,"column":8},"end":{"line":59,"column":null}},"10":{"start":{"line":44,"column":29},"end":{"line":44,"column":null}},"11":{"start":{"line":52,"column":16},"end":{"line":56,"column":null}}},"fnMap":{"0":{"name":"SessionList","decl":{"start":{"line":19,"column":24},"end":{"line":19,"column":36}},"loc":{"start":{"line":19,"column":98},"end":{"line":64,"column":null}},"line":19},"1":{"name":"(anonymous_1)","decl":{"start":{"line":35,"column":18},"end":{"line":35,"column":19}},"loc":{"start":{"line":35,"column":42},"end":{"line":61,"column":7}},"line":35},"2":{"name":"(anonymous_2)","decl":{"start":{"line":44,"column":23},"end":{"line":44,"column":29}},"loc":{"start":{"line":44,"column":29},"end":{"line":44,"column":null}},"line":44},"3":{"name":"(anonymous_3)","decl":{"start":{"line":51,"column":26},"end":{"line":51,"column":27}},"loc":{"start":{"line":52,"column":16},"end":{"line":56,"column":null}},"line":52}},"branchMap":{"0":{"loc":{"start":{"line":23,"column":2},"end":{"line":29,"column":null}},"type":"if","locations":[{"start":{"line":23,"column":2},"end":{"line":29,"column":null}},{"start":{},"end":{}}],"line":23},"1":{"loc":{"start":{"line":26,"column":9},"end":{"line":26,"column":null}},"type":"cond-expr","locations":[{"start":{"line":26,"column":20},"end":{"line":26,"column":53}},{"start":{"line":26,"column":53},"end":{"line":26,"column":null}}],"line":26},"2":{"loc":{"start":{"line":43,"column":41},"end":{"line":43,"column":71}},"type":"cond-expr","locations":[{"start":{"line":43,"column":55},"end":{"line":43,"column":69}},{"start":{"line":43,"column":69},"end":{"line":43,"column":71}}],"line":43}},"s":{"0":4,"1":4,"2":4,"3":2,"4":2,"5":2,"6":2,"7":2,"8":2,"9":2,"10":0,"11":5},"f":{"0":4,"1":2,"2":0,"3":5},"b":{"0":[2,2],"1":[1,1],"2":[0,2]},"meta":{"lastBranch":3,"lastFunction":4,"lastStatement":12,"seen":{"f:19:24:19:36":0,"s:20:43:20:Infinity":0,"s:21:8:21:Infinity":1,"b:23:2:29:Infinity:undefined:undefined:undefined:undefined":0,"s:23:2:29:Infinity":2,"s:24:4:27:Infinity":3,"b:26:20:26:53:26:53:26:Infinity":1,"s:31:8:31:Infinity":4,"s:33:2:62:Infinity":5,"f:35:18:35:19":1,"s:36:20:36:Infinity":6,"s:37:28:37:Infinity":7,"s:38:14:38:Infinity":8,"s:40:8:59:Infinity":9,"b:43:55:43:69:43:69:43:71":2,"f:44:23:44:29":2,"s:44:29:44:Infinity":10,"f:51:26:51:27":3,"s:52:16:56:Infinity":11}}}
,"/Users/jeffsteinbok/Documents/GitHub/ghcpCliDashboard-TestsAndCoverage/frontend/src/components/SessionTile.tsx": {"path":"/Users/jeffsteinbok/Documents/GitHub/ghcpCliDashboard-TestsAndCoverage/frontend/src/components/SessionTile.tsx","statementMap":{"0":{"start":{"line":18,"column":26},"end":{"line":18,"column":null}},"1":{"start":{"line":19,"column":8},"end":{"line":19,"column":null}},"2":{"start":{"line":21,"column":20},"end":{"line":21,"column":null}},"3":{"start":{"line":22,"column":16},"end":{"line":22,"column":null}},"4":{"start":{"line":23,"column":20},"end":{"line":23,"column":null}},"5":{"start":{"line":24,"column":20},"end":{"line":24,"column":null}},"6":{"start":{"line":25,"column":20},"end":{"line":25,"column":null}},"7":{"start":{"line":27,"column":22},"end":{"line":27,"column":null}},"8":{"start":{"line":27,"column":28},"end":{"line":27,"column":null}},"9":{"start":{"line":28,"column":15},"end":{"line":28,"column":null}},"10":{"start":{"line":28,"column":40},"end":{"line":28,"column":null}},"11":{"start":{"line":30,"column":21},"end":{"line":37,"column":null}},"12":{"start":{"line":31,"column":4},"end":{"line":31,"column":null}},"13":{"start":{"line":32,"column":4},"end":{"line":32,"column":null}},"14":{"start":{"line":33,"column":16},"end":{"line":33,"column":null}},"15":{"start":{"line":34,"column":17},"end":{"line":34,"column":null}},"16":{"start":{"line":35,"column":4},"end":{"line":35,"column":null}},"17":{"start":{"line":36,"column":4},"end":{"line":36,"column":null}},"18":{"start":{"line":36,"column":23},"end":{"line":36,"column":47}},"19":{"start":{"line":39,"column":23},"end":{"line":45,"column":null}},"20":{"start":{"line":40,"column":4},"end":{"line":40,"column":null}},"21":{"start":{"line":41,"column":4},"end":{"line":41,"column":null}},"22":{"start":{"line":42,"column":16},"end":{"line":42,"column":null}},"23":{"start":{"line":43,"column":4},"end":{"line":43,"column":null}},"24":{"start":{"line":44,"column":4},"end":{"line":44,"column":null}},"25":{"start":{"line":44,"column":23},"end":{"line":44,"column":47}},"26":{"start":{"line":47,"column":2},"end":{"line":155,"column":null}},"27":{"start":{"line":120,"column":10},"end":{"line":120,"column":null}},"28":{"start":{"line":123,"column":64},"end":{"line":123,"column":73}},"29":{"start":{"line":123,"column":73},"end":{"line":123,"column":93}},"30":{"start":{"line":131,"column":28},"end":{"line":131,"column":37}},"31":{"start":{"line":131,"column":37},"end":{"line":131,"column":89}},"32":{"start":{"line":145,"column":14},"end":{"line":147,"column":null}},"33":{"start":{"line":146,"column":16},"end":{"line":146,"column":null}}},"fnMap":{"0":{"name":"SessionTile","decl":{"start":{"line":17,"column":24},"end":{"line":17,"column":36}},"loc":{"start":{"line":17,"column":97},"end":{"line":157,"column":null}},"line":17},"1":{"name":"(anonymous_1)","decl":{"start":{"line":27,"column":22},"end":{"line":27,"column":28}},"loc":{"start":{"line":27,"column":28},"end":{"line":27,"column":null}},"line":27},"2":{"name":"(anonymous_2)","decl":{"start":{"line":28,"column":15},"end":{"line":28,"column":16}},"loc":{"start":{"line":28,"column":40},"end":{"line":28,"column":null}},"line":28},"3":{"name":"(anonymous_3)","decl":{"start":{"line":30,"column":21},"end":{"line":30,"column":22}},"loc":{"start":{"line":30,"column":46},"end":{"line":37,"column":null}},"line":30},"4":{"name":"(anonymous_4)","decl":{"start":{"line":36,"column":15},"end":{"line":36,"column":21}},"loc":{"start":{"line":36,"column":21},"end":{"line":36,"column":50}},"line":36},"5":{"name":"(anonymous_5)","decl":{"start":{"line":39,"column":23},"end":{"line":39,"column":24}},"loc":{"start":{"line":39,"column":48},"end":{"line":45,"column":null}},"line":39},"6":{"name":"(anonymous_6)","decl":{"start":{"line":44,"column":15},"end":{"line":44,"column":21}},"loc":{"start":{"line":44,"column":21},"end":{"line":44,"column":50}},"line":44},"7":{"name":"(anonymous_7)","decl":{"start":{"line":119,"column":28},"end":{"line":119,"column":29}},"loc":{"start":{"line":120,"column":10},"end":{"line":120,"column":null}},"line":120},"8":{"name":"(anonymous_8)","decl":{"start":{"line":123,"column":55},"end":{"line":123,"column":56}},"loc":{"start":{"line":123,"column":62},"end":{"line":123,"column":96}},"line":123},"9":{"name":"(anonymous_9)","decl":{"start":{"line":131,"column":19},"end":{"line":131,"column":20}},"loc":{"start":{"line":131,"column":26},"end":{"line":131,"column":null}},"line":131},"10":{"name":"(anonymous_10)","decl":{"start":{"line":144,"column":21},"end":{"line":144,"column":27}},"loc":{"start":{"line":144,"column":27},"end":{"line":148,"column":null}},"line":144}},"branchMap":{"0":{"loc":{"start":{"line":22,"column":16},"end":{"line":22,"column":null}},"type":"cond-expr","locations":[{"start":{"line":22,"column":29},"end":{"line":22,"column":64}},{"start":{"line":22,"column":64},"end":{"line":22,"column":null}}],"line":22},"1":{"loc":{"start":{"line":22,"column":29},"end":{"line":22,"column":64}},"type":"bina
[...]
,"/Users/jeffsteinbok/Documents/GitHub/ghcpCliDashboard-TestsAndCoverage/frontend/src/state/AppContext.tsx": {"path":"/Users/jeffsteinbok/Documents/GitHub/ghcpCliDashboard-TestsAndCoverage/frontend/src/state/AppContext.tsx","statementMap":{"0":{"start":{"line":49,"column":2},"end":{"line":67,"column":null}},"1":{"start":{"line":90,"column":2},"end":{"line":159,"column":null}},"2":{"start":{"line":92,"column":6},"end":{"line":92,"column":null}},"3":{"start":{"line":95,"column":6},"end":{"line":95,"column":null}},"4":{"start":{"line":98,"column":6},"end":{"line":98,"column":null}},"5":{"start":{"line":101,"column":6},"end":{"line":101,"column":null}},"6":{"start":{"line":102,"column":6},"end":{"line":102,"column":null}},"7":{"start":{"line":105,"column":6},"end":{"line":105,"column":null}},"8":{"start":{"line":108,"column":19},"end":{"line":108,"column":null}},"9":{"start":{"line":109,"column":6},"end":{"line":114,"column":null}},"10":{"start":{"line":110,"column":8},"end":{"line":110,"column":null}},"11":{"start":{"line":112,"column":8},"end":{"line":112,"column":null}},"12":{"start":{"line":113,"column":8},"end":{"line":113,"column":null}},"13":{"start":{"line":115,"column":6},"end":{"line":115,"column":null}},"14":{"start":{"line":119,"column":19},"end":{"line":119,"column":null}},"15":{"start":{"line":120,"column":6},"end":{"line":121,"column":null}},"16":{"start":{"line":120,"column":36},"end":{"line":120,"column":null}},"17":{"start":{"line":121,"column":11},"end":{"line":121,"column":null}},"18":{"start":{"line":122,"column":6},"end":{"line":122,"column":null}},"19":{"start":{"line":126,"column":19},"end":{"line":126,"column":null}},"20":{"start":{"line":127,"column":6},"end":{"line":128,"column":null}},"21":{"start":{"line":127,"column":38},"end":{"line":127,"column":null}},"22":{"start":{"line":128,"column":11},"end":{"line":128,"column":null}},"23":{"start":{"line":129,"column":6},"end":{"line":129,"column":null}},"24":{"start":{"line":130,"column":6},"end":{"line":130,"column":null}},"25":{"start":{"line":134,"column":6},"end":{"line":140,"column":null}},"26":{"start":{"line":143,"column":6},"end":{"line":143,"column":null}},"27":{"start":{"line":146,"column":6},"end":{"line":146,"column":null}},"28":{"start":{"line":149,"column":6},"end":{"line":152,"column":null}},"29":{"start":{"line":155,"column":6},"end":{"line":155,"column":null}},"30":{"start":{"line":158,"column":6},"end":{"line":158,"column":null}},"31":{"start":{"line":165,"column":2},"end":{"line":165,"column":null}},"32":{"start":{"line":170,"column":6},"end":{"line":170,"column":null}},"33":{"start":{"line":171,"column":6},"end":{"line":171,"column":null}},"34":{"start":{"line":174,"column":24},"end":{"line":174,"column":null}},"35":{"start":{"line":175,"column":2},"end":{"line":180,"column":null}},"36":{"start":{"line":185,"column":8},"end":{"line":185,"column":null}},"37":{"start":{"line":186,"column":2},"end":{"line":186,"column":null}},"38":{"start":{"line":186,"column":12},"end":{"line":186,"column":null}},"39":{"start":{"line":187,"column":2},"end":{"line":187,"column":null}},"40":{"start":{"line":191,"column":8},"end":{"line":191,"column":null}},"41":{"start":{"line":192,"column":2},"end":{"line":192,"column":null}},"42":{"start":{"line":192,"column":12},"end":{"line":192,"column":null}},"43":{"start":{"line":193,"column":2},"end":{"line":193,"column":null}}},"fnMap":{"0":{"name":"initialState","decl":{"start":{"line":48,"column":16},"end":{"line":48,"column":41}},"loc":{"start":{"line":48,"column":41},"end":{"line":68,"column":null}},"line":48},"1":{"name":"appReducer","decl":{"start":{"line":89,"column":16},"end":{"line":89,"column":27}},"loc":{"start":{"line":89,"column":70},"end":{"line":160,"column":null}},"line":89},"2":{"name":"isDisconnected","decl":{"start":{"line":164,"column":16},"end":{"line":164,"column":31}},"loc":{"start":{"line":164,"column":57},"end":{"line":166,"column":null}},"line":164},"3":{"name":"AppProvider","decl":{"start":{"line":173,"column":16},"end":{"line":173,"column":28}},"loc":{"start":{"line":173,"column":67},"end":{"line":182,"column":null}},"line":173},"4":{"name":"useAppState","decl":{"start":{"line":184,"column":16},"end":{"line":184,"column":40}},"loc":{"start":{"line":184,"column":40},"end":{"line":188,"column":null}},"line":184},"5":{"name":"useAppDispatch","decl":{"start":{"line":190,"column":16},"end":{"line":190,"column":51}},"loc":{"start":{"line":190,"column":51},"end":{"line":194,"column":null}},"line":190}},"branchMap":{"0":{"loc":{"start":{"line":54,"column":7},"end":{"line":54,"column":null}},"type":"binary-expr","locations":[{"start":{"line":54,"column":7},"end":{"line":54,"column":58}},{"start":{"line":54,"column":58},"end":{"line":54,"column":null}}],"line":54},"1":{"loc":{"start":{"line":59,"column":17},"end":{"line":59,"column":66}},"type":"binary-expr","locations":[{"start":{"line":59,"column":17},"end":{"line":59,"column":62}},{"start":{"line":59,"column":62},"end":{"line":59,"column":66}}],"line":59},"2":{"loc":{"start":{"line":63,"column":6},"end":{"line":64,"column":null}},"type":"binary-expr","locations":[{"start":{"line":63,"column":6},"end":{"line":63,"column":null}},{"start":{"line":64,"column":6},"end":{"line":64,"column":null}}],"line":63},"3":{"loc":{"start":{"line":90,"column":2},"end":{"line":159,"column":null}},"type":"switch","locations":[{"start":{"line":91,"column":4},"end":{"line":92,"column":null}},{"start":{"line":94,"column":4},"end":{"line":95,"column":null}},{"start":{"line":97,"column":4},"end":{"line":98,"column":null}},{"start":{"line":100,"column":4},"end":{"line":102,"column":null}},{"start":{"line":104,"column":4},"end":{"line":105,"column":null}},{"start":{"line":107,"column":4},"end":{"line":116,"column":null}},{"start":{"line":118,"column":4},"end":{"line":123,"column":null}},{"start":{"line":125,"column":4},"end":{"line":131,"column":null}},{"start":{"line":133,"column":4},"end":{"line":140,"column":null}},{"start":{"line":142,"column":4},"end":{"line":143,"column":null}},{"start":{"line":145,"column":4},"end":{"line":146,"column":null}},{"start":{"line":148,"column":4},"end":{"line":152,"column":null}},{"start":{"line":154,"column":4},"end":{"line":155,"column":null}},{"start":{"line":157,"column":4},"end":{"line":158,"column":null}}],"line":90},"4":{"loc":{"start":{"line":109,"column":6},"end":{"line":114,"column":null}},"type":"if","locations":[{"start":{"line":109,"column":6},"end":{"line":114,"column":null}},{"start":{"line":111,"column":13},"end":{"line":114,"column":null}}],"line":109},"5":{"loc":{"start":{"line":120,"column":6},"end":{"line":121,"column":null}},"type":"if","locations":[{"start":{"line":120,"column":6},"end":{"line":121,"column":null}},{"start":{"line":121,"column":11},"end":{"line":121,"column":null}}],"line":120},"6":{"loc":{"start":{"line":127,"column":6},"end":{"line":128,"column":null}},"type":"if","locations":[{"start":{"line":127,"column":6},"end":{"line":128,"column":null}},{"start":{"line":128,"column":11},"end":{"line":128,"column":null}}],"line":127},"7":{"loc":{"start":{"line":186,"column":2},"end":{"line":186,"column":null}},"type":"if","locations":[{"start":{"line":186,"column":2},"end":{"line":186,"column":null}},{"start":{},"end":{}}],"line":186},"8":{"loc":{"start":{"line":192,"column":2},"end":{"line":192,"column":null}},"type":"if","locations":[{"start":{"line":192,"column":2},"end":{"line":192,"column":null}},{"start":{},"end":{}}],"line":192}},"s":{"0":45,"1":14,"2":0,"3":0,"4":1,"5":1,"6":1,"7":1,"8":4,"9":4,"10":1,"11":3,"12":3,"13":4,"14":2,"15":2,"16":1,"17":1,"18":2,"19":2,"20":2,"21":1,"22":1,"23":2,"24":2,"25":0,"26":0,"27":1,"28":1,"29":1,"30":0,"31":7,"32":4,"33":4,"34":29,"35":29,"36":55,"37":55,"38":0,"39":55,"40":45,"41":45,"42":0,"43":45},"f":{"0":45,"1":14,"2":7,"3":29,"4":55,"5":45},"b":{"0":[45,44],"1":[45,44],"2":[45,0],"3":[0,0,1,1,1,4,2,2,0,0,1,1,1,0],"4":[1,3],"5":[1,1],"6":[1,1],"7":[0,55],"8":[0,45]},"meta":{"lastBranch":9,"lastFunction":6,"lastStatement":44,"seen":{"f:48:16:48:41":0,"s:49:2:67:Infinity":0,"b:54:7:54:58:54:58:54:Infinity":0,"b:59:17:59:62:59:62:59:66":1,"b:63:6:63:Infinity:64:6:64:Infinity":2,"f:89:16:89:27":1,"b:91:4:92:Infinity:94:4:95:Infinity:97:4:98:Infinity:100:4:102:Infinity:104:4:105:Infinity:107:4:116:Infinity:118:4:123:Infinity:125:4:131:Infinity:133:4:140:Infinity:142:4:143:Infinity:145:4:146:Infinity:148:4:152:Infinity:154:4:155:Infinity:157:4:158:Infinity":3,"s:90:2:159:Infinity":1,"s:92:6:92:Infinity":2,"s:95:6:95:Infinity":3,"s:98:6:98:Infinity":4,"s:101:6:101:Infinity":5,"s:102:6:102:Infinity":6,"s:105:6:105:Infinity":7,"s:108:19:108:Infinity":8,"b:109:6:114:Infinity:111:13:114:Infinity":4,"s:109:6:114:Infinity":9,"s:110:8:110:Infinity":10,"s:112:8:112:Infinity":11,"s:113:8:113:Infinity":12,"s:115:6:115:Infinity":13,"s:119:19:119:Infinity":14,"b:120:6:121:Infinity:121:11:121:Infinity":5,"s:120:6:121:Infinity":15,"s:120:36:120:Infinity":16,"s:121:11:121:Infinity":17,"s:122:6:122:Infinity":18,"s:126:19:126:Infinity":19,"b:127:6:128:Infinity:128:11:128:Infinity":6,"s:127:6:128:Infinity":20,"s:127:38:127:Infinity":21,"s:128:11:128:Infinity":22,"s:129:6:129:Infinity":23,"s:130:6:130:Infinity":24,"s:134:6:140:Infinity":25,"s:143:6:143:Infinity":26,"s:146:6:146:Infinity":27,"s:149:6:152:Infinity":28,"s:155:6:155:Infinity":29,"s:158:6:158:Infinity":30,"f:164:16:164:31":2,"s:165:2:165:Infinity":31,"s:170:6:170:Infinity":32,"s:171:6:171:Infinity":33,"f:173:16:173:28":3,"s:174:24:174:Infinity":34,"s:175:2:180:Infinity":35,"f:184:16:184:40":4,"s:185:8:185:Infinity":36,"b:186:2:186:Infinity:undefined:undefined:undefined:undefined":7,"s:186:2:186:Infinity":37,"s:186:12:186:Infinity":38,"s:187:2:187:Infinity":39,"f:190:16:190:51":5,"s:191:8:191:Infinity":40,"b:192:2:192:Infinity:undefined:undefined:undefined:undefined":8,"s:192:2:192:Infinity":41,"s:192:12:192:Infinity":42,"s:193:2:193:Infinity":43}}}
,"/Users/jeffsteinbok/Documents/GitHub/ghcpCliDashboard-TestsAndCoverage/frontend/src/state/index.ts": {"path":"/Users/jeffsteinbok/Documents/GitHub/ghcpCliDashboard-TestsAndCoverage/frontend/src/state/index.ts","statementMap":{},"fnMap":{},"branchMap":{},"s":{},"f":{},"b":{},"meta":{"lastBranch":0,"lastFunction":0,"lastStatement":0,"seen":{}}}
,"/Users/jeffsteinbok/Documents/GitHub/ghcpCliDashboard-TestsAndCoverage/frontend/src/utils/helpers.ts": {"path":"/Users/jeffsteinbok/Documents/GitHub/ghcpCliDashboard-TestsAndCoverage/frontend/src/utils/helpers.ts","statementMap":{"0":{"start":{"line":22,"column":2},"end":{"line":22,"column":null}},"1":{"start":{"line":22,"column":10},"end":{"line":22,"column":null}},"2":{"start":{"line":23,"column":12},"end":{"line":23,"column":null}},"3":{"start":{"line":24,"column":2},"end":{"line":24,"column":null}},"4":{"start":{"line":25,"column":2},"end":{"line":25,"column":null}},"5":{"start":{"line":33,"column":2},"end":{"line":33,"column":null}},"6":{"start":{"line":33,"column":18},"end":{"line":33,"column":null}},"7":{"start":{"line":34,"column":2},"end":{"line":34,"column":null}},"8":{"start":{"line":34,"column":27},"end":{"line":34,"column":null}},"9":{"start":{"line":35,"column":2},"end":{"line":35,"column":null}},"10":{"start":{"line":35,"column":24},"end":{"line":35,"column":null}},"11":{"start":{"line":36,"column":2},"end":{"line":36,"column":null}},"12":{"start":{"line":46,"column":44},"end":{"line":46,"column":null}},"13":{"start":{"line":47,"column":2},"end":{"line":50,"column":null}},"14":{"start":{"line":48,"column":14},"end":{"line":48,"column":null}},"15":{"start":{"line":49,"column":4},"end":{"line":49,"column":null}},"16":{"start":{"line":51,"column":2},"end":{"line":51,"column":null}},"17":{"start":{"line":51,"column":47},"end":{"line":51,"column":72}},"18":{"start":{"line":62,"column":2},"end":{"line":62,"column":null}},"19":{"start":{"line":62,"column":15},"end":{"line":62,"column":null}},"20":{"start":{"line":63,"column":16},"end":{"line":63,"column":null}},"21":{"start":{"line":64,"column":2},"end":{"line":78,"column":null}},"22":{"start":{"line":65,"column":16},"end":{"line":76,"column":null}},"23":{"start":{"line":77,"column":4},"end":{"line":77,"column":null}},"24":{"start":{"line":89,"column":17},"end":{"line":89,"column":null}},"25":{"start":{"line":90,"column":28},"end":{"line":90,"column":null}},"26":{"start":{"line":91,"column":30},"end":{"line":91,"column":null}},"27":{"start":{"line":93,"column":2},"end":{"line":99,"column":null}},"28":{"start":{"line":94,"column":4},"end":{"line":98,"column":null}},"29":{"start":{"line":95,"column":6},"end":{"line":95,"column":null}},"30":{"start":{"line":96,"column":4},"end":{"line":98,"column":null}},"31":{"start":{"line":97,"column":6},"end":{"line":97,"column":null}},"32":{"start":{"line":100,"column":2},"end":{"line":100,"column":null}},"33":{"start":{"line":111,"column":2},"end":{"line":114,"column":null}},"34":{"start":{"line":112,"column":8},"end":{"line":113,"column":null}}},"fnMap":{"0":{"name":"esc","decl":{"start":{"line":21,"column":16},"end":{"line":21,"column":20}},"loc":{"start":{"line":21,"column":58},"end":{"line":26,"column":null}},"line":21},"1":{"name":"listCardClass","decl":{"start":{"line":29,"column":16},"end":{"line":29,"column":null}},"loc":{"start":{"line":32,"column":10},"end":{"line":37,"column":null}},"line":32},"2":{"name":"groupSessions","decl":{"start":{"line":43,"column":16},"end":{"line":43,"column":null}},"loc":{"start":{"line":45,"column":25},"end":{"line":52,"column":null}},"line":45},"3":{"name":"(anonymous_3)","decl":{"start":{"line":51,"column":37},"end":{"line":51,"column":38}},"loc":{"start":{"line":51,"column":47},"end":{"line":51,"column":72}},"line":51},"4":{"name":"filterSessions","decl":{"start":{"line":58,"column":16},"end":{"line":58,"column":null}},"loc":{"start":{"line":61,"column":13},"end":{"line":79,"column":null}},"line":61},"5":{"name":"(anonymous_5)","decl":{"start":{"line":64,"column":25},"end":{"line":64,"column":26}},"loc":{"start":{"line":64,"column":32},"end":{"line":78,"column":3}},"line":64},"6":{"name":"splitActivePrevious","decl":{"start":{"line":85,"column":16},"end":{"line":85,"column":null}},"loc":{"start":{"line":88,"column":46},"end":{"line":101,"column":null}},"line":88},"7":{"name":"sortStarredFirst","decl":{"start":{"line":107,"column":16},"end":{"line":107,"column":null}},"loc":{"start":{"line":110,"column":13},"end":{"line":115,"column":null}},"line":110},"8":{"name":"(anonymous_8)","decl":{"start":{"line":112,"column":4},"end":{"line":112,"column":5}},"loc":{"start":{"line":112,"column":8},"end":{"line":113,"column":null}},"line":112}},"branchMap":{"0":{"loc":{"start":{"line":22,"column":2},"end":{"line":22,"column":null}},"type":"if","locations":[{"start":{"line":22,"column":2},"end":{"line":22,"column":null}},{"start":{},"end":{}}],"line":22},"1":{"loc":{"start":{"line":33,"column":2},"end":{"line":33,"column":null}},"type":"if","locations":[{"start":{"line":33,"column":2},"end":{"line":33,"column":null}},{"start":{},"end":{}}],"line":33},"2":{"loc":{"start":{"line":34,"column":2},"end":{"line":34,"column":null}},"type":"if","locations":[{"start":{"line":34,"column":2},"end":{"line":34,"column":null}},{"start":{},"end":{}}],"line":34},"3":{"loc":{"start":{"line":35,"column":2},"end":{"line":35,"column":null}},"type":"if","locations":[{"start":{"line":35,"column":2},"end":{"line":35,"column":null}},{"start":{},"end":{}}],"line":35},"4":{"loc":{"start":{"line":48,"column":14},"end":{"line":48,"column":null}},"type":"binary-expr","locations":[{"start":{"line":48,"column":14},"end":{"line":48,"column":25}},{"start":{"line":48,"column":25},"end":{"line":48,"column":null}}],"line":48},"5":{"loc":{"start":{"line":62,"column":2},"end":{"line":62,"column":null}},"type":"if","locations":[{"start":{"line":62,"column":2},"end":{"line":62,"column":null}},{"start":{},"end":{}}],"line":62},"6":{"loc":{"start":{"line":72,"column":10},"end":{"line":72,"column":null}},"type":"binary-expr","locations":[{"start":{"line":72,"column":10},"end":{"line":72,"column":27}},{"start":{"line":72,"column":27},"end":{"line":72,"column":null}}],"line":72},"7":{"loc":{"start":{"line":94,"column":4},"end":{"line":98,"column":null}},"type":"if","locations":[{"start":{"line":94,"column":4},"end":{"line":98,"column":null}},{"start":{"line":96,"column":4},"end":{"line":98,"column":null}}],"line":94},"8":{"loc":{"start":{"line":96,"column":4},"end":{"line":98,"column":null}},"type":"if","locations":[{"start":{"line":96,"column":4},"end":{"line":98,"column":null}},{"start":{},"end":{}}],"line":96},"9":{"loc":{"start":{"line":113,"column":7},"end":{"line":113,"column":37}},"type":"cond-expr","locations":[{"start":{"line":113,"column":27},"end":{"line":113,"column":31}},{"start":{"line":113,"column":31},"end":{"line":113,"column":37}}],"line":113},"10":{"loc":{"start":{"line":113,"column":37},"end":{"line":113,"column":null}},"type":"cond-expr","locations":[{"start":{"line":113,"column":57},"end":{"line":113,"column":61}},{"start":{"line":113,"column":61},"end":{"line":113,"column":null}}],"line":113}},"s":{"0":86,"1":4,"2":82,"3":82,"4":82,"5":17,"6":12,"7":5,"8":1,"9":4,"10":1,"11":3,"12":4,"13":4,"14":9,"15":9,"16":4,"17":1,"18":7,"19":3,"20":4,"21":4,"22":12,"23":12,"24":4,"25":4,"26":4,"27":4,"28":3,"29":1,"30":2,"31":1,"32":4,"33":3,"34":7},"f":{"0":86,"1":17,"2":4,"3":1,"4":7,"5":12,"6":4,"7":3,"8":7},"b":{"0":[4,82],"1":[12,5],"2":[1,4],"3":[1,3],"4":[9,1],"5":[3,4],"6":[12,0],"7":[1,2],"8":[1,1],"9":[0,7],"10":[3,4]},"meta":{"lastBranch":11,"lastFunction":9,"lastStatement":35,"seen":{"f:21:16:21:20":0,"b:22:2:22:Infinity:undefined:undefined:undefined:undefined":0,"s:22:2:22:Infinity":0,"s:22:10:22:Infinity":1,"s:23:12:23:Infinity":2,"s:24:2:24:Infinity":3,"s:25:2:25:Infinity":4,"f:29:16:29:Infinity":1,"b:33:2:33:Infinity:undefined:undefined:undefined:undefined":1,"s:33:2:33:Infinity":5,"s:33:18:33:Infinity":6,"b:34:2:34:Infinity:undefined:undefined:undefined:undefined":2,"s:34:2:34:Infinity":7,"s:34:27:34:Infinity":8,"b:35:2:35:Infinity:undefined:undefined:undefined:undefined":3,"s:35:2:35:Infinity":9,"s:35:24:35:Infinity":10,"s:36:2:36:Infinity":11,"f:43:16:43:Infinity":2,"s:46:44:46:Infinity":12,"s:47:2:50:Infinity":13,"s:48:14:48:Infinity":14,"b:48:14:48:25:48:25:48:Infinity":4,"s:49:4:49:Infinity":15,"s:51:2:51:Infinity":16,"f:51:37:51:38":3,"s:51:47:51:72":17,"f:58:16:58:Infinity":4,"b:62:2:62:Infinity:undefined:undefined:undefined:undefined":5,"s:62:2:62:Infinity":18,"s:62:15:62:Infinity":19,"s:63:16:63:Infinity":20,"s:64:2:78:Infinity":21,"f:64:25:64:26":5,"s:65:16:76:Infinity":22,"b:72:10:72:27:72:27:72:Infinity":6,"s:77:4:77:Infinity":23,"f:85:16:85:Infinity":6,"s:89:17:89:Infinity":24,"s:90:28:90:Infinity":25,"s:91:30:91:Infinity":26,"s:93:2:99:Infinity":27,"b:94:4:98:Infinity:96:4:98:Infinity":7,"s:94:4:98:Infinity":28,"s:95:6:95:Infinity":29,"b:96:4:98:Infinity:undefined:undefined:undefined:undefined":8,"s:96:4:98:Infinity":30,"s:97:6:97:Infinity":31,"s:100:2:100:Infinity":32,"f:107:16:107:Infinity":7,"s:111:2:114:Infinity":33,"f:112:4:112:5":8,"s:112:8:113:Infinity":34,"b:113:27:113:31:113:31:113:37":9,"b:113:57:113:61:113:61:113:Infinity":10}}}
,"/Users/jeffsteinbok/Documents/GitHub/ghcpCliDashboard-TestsAndCoverage/frontend/src/utils/index.ts": {"path":"/Users/jeffsteinbok/Documents/GitHub/ghcpCliDashboard-TestsAndCoverage/frontend/src/utils/index.ts","statementMap":{},"fnMap":{},"branchMap":{},"s":{},"f":{},"b":{},"meta":{"lastBranch":0,"lastFunction":0,"lastStatement":0,"seen":{}}}
}
